/data3/tangpeiyuan/code/Rein-train/rein/models/backbones/dino_layers/swiglu_ffn.py:43: UserWarning: xFormers is available (SwiGLU)
  warnings.warn("xFormers is available (SwiGLU)")
/data3/tangpeiyuan/code/Rein-train/rein/models/backbones/dino_layers/attention.py:27: UserWarning: xFormers is available (Attention)
  warnings.warn("xFormers is available (Attention)")
/data3/tangpeiyuan/code/Rein-train/rein/models/backbones/dino_layers/block.py:33: UserWarning: xFormers is available (Block)
  warnings.warn("xFormers is available (Block)")
/data3/tangpeiyuan/code/Rein-train/rein/models/heads/Transformer.py:18: UserWarning: xFormers is available (Attention)
  warnings.warn("xFormers is available (Attention)")
07/04 14:12:11 - mmengine - INFO - 
------------------------------------------------------------
System environment:
    sys.platform: linux
    Python: 3.10.14 (main, Mar 21 2024, 16:24:04) [GCC 11.2.0]
    CUDA available: True
    MUSA available: False
    numpy_random_seed: 42
    GPU 0: A100-PCIE-40GB
    CUDA_HOME: None
    GCC: gcc (Ubuntu 9.4.0-1ubuntu1~20.04.3) 9.4.0
    PyTorch: 2.1.0+cu118
    PyTorch compiling details: PyTorch built with:
  - GCC 9.3
  - C++ Version: 201703
  - Intel(R) oneAPI Math Kernel Library Version 2022.2-Product Build 20220804 for Intel(R) 64 architecture applications
  - Intel(R) MKL-DNN v3.1.1 (Git Hash 64f6bcbcbab628e96f33a62c3e975f8535a7bde4)
  - OpenMP 201511 (a.k.a. OpenMP 4.5)
  - LAPACK is enabled (usually provided by MKL)
  - NNPACK is enabled
  - CPU capability usage: AVX2
  - CUDA Runtime 11.8
  - NVCC architecture flags: -gencode;arch=compute_50,code=sm_50;-gencode;arch=compute_60,code=sm_60;-gencode;arch=compute_70,code=sm_70;-gencode;arch=compute_75,code=sm_75;-gencode;arch=compute_80,code=sm_80;-gencode;arch=compute_86,code=sm_86;-gencode;arch=compute_37,code=sm_37;-gencode;arch=compute_90,code=sm_90
  - CuDNN 8.7
  - Magma 2.6.1
  - Build settings: BLAS_INFO=mkl, BUILD_TYPE=Release, CUDA_VERSION=11.8, CUDNN_VERSION=8.7.0, CXX_COMPILER=/opt/rh/devtoolset-9/root/usr/bin/c++, CXX_FLAGS= -D_GLIBCXX_USE_CXX11_ABI=0 -fabi-version=11 -fvisibility-inlines-hidden -DUSE_PTHREADPOOL -DNDEBUG -DUSE_KINETO -DLIBKINETO_NOROCTRACER -DUSE_FBGEMM -DUSE_QNNPACK -DUSE_PYTORCH_QNNPACK -DUSE_XNNPACK -DSYMBOLICATE_MOBILE_DEBUG_HANDLE -O2 -fPIC -Wall -Wextra -Werror=return-type -Werror=non-virtual-dtor -Werror=bool-operation -Wnarrowing -Wno-missing-field-initializers -Wno-type-limits -Wno-array-bounds -Wno-unknown-pragmas -Wno-unused-parameter -Wno-unused-function -Wno-unused-result -Wno-strict-overflow -Wno-strict-aliasing -Wno-stringop-overflow -Wno-psabi -Wno-error=pedantic -Wno-error=old-style-cast -Wno-invalid-partial-specialization -Wno-unused-private-field -Wno-aligned-allocation-unavailable -Wno-missing-braces -fdiagnostics-color=always -faligned-new -Wno-unused-but-set-variable -Wno-maybe-uninitialized -fno-math-errno -fno-trapping-math -Werror=format -Werror=cast-function-type -Wno-stringop-overflow, LAPACK_INFO=mkl, PERF_WITH_AVX=1, PERF_WITH_AVX2=1, PERF_WITH_AVX512=1, TORCH_DISABLE_GPU_ASSERTS=ON, TORCH_VERSION=2.1.0, USE_CUDA=ON, USE_CUDNN=ON, USE_EXCEPTION_PTR=1, USE_GFLAGS=OFF, USE_GLOG=OFF, USE_MKL=ON, USE_MKLDNN=ON, USE_MPI=OFF, USE_NCCL=1, USE_NNPACK=ON, USE_OPENMP=ON, USE_ROCM=OFF, 

    TorchVision: 0.16.0+cu118
    OpenCV: 4.9.0
    MMEngine: 0.10.4

Runtime environment:
    cudnn_benchmark: True
    mp_cfg: {'mp_start_method': 'fork', 'opencv_num_threads': 0}
    dist_cfg: {'backend': 'nccl'}
    seed: 42
    Distributed launcher: none
    Distributed training: False
    GPU number: 1
------------------------------------------------------------

07/04 14:12:12 - mmengine - INFO - Config:
cityscapes_crop_size = (
    1024,
    1024,
)
cityscapes_root = 'data/cityscapes/'
cityscapes_test_pipeline = [
    dict(type='LoadImageFromFile'),
    dict(keep_ratio=True, scale=(
        2048,
        1024,
    ), type='Resize'),
    dict(type='LoadAnnotations'),
    dict(type='PackSegInputs'),
]
cityscapes_train_pipeline = [
    dict(type='LoadImageFromFile'),
    dict(type='LoadAnnotations'),
    dict(scale=(
        2048,
        1024,
    ), type='Resize'),
    dict(cat_max_ratio=0.75, crop_size=(
        1024,
        1024,
    ), type='RandomCrop'),
    dict(prob=0.5, type='RandomFlip'),
    dict(type='PhotoMetricDistortion'),
    dict(type='PackSegInputs'),
]
cityscapes_type = 'CityscapesDataset'
crop_size = (
    1024,
    1024,
)
default_hooks = dict(
    checkpoint=dict(
        by_epoch=False,
        interval=40000,
        save_best='citys_mIoU',
        type='CheckpointHook'),
    logger=dict(interval=50, log_metric_by_epoch=False, type='LoggerHook'),
    param_scheduler=dict(type='ParamSchedulerHook'),
    sampler_seed=dict(type='DistSamplerSeedHook'),
    timer=dict(type='IterTimerHook'))
default_scope = 'mmseg'
dg_dataset_train = dict(
    rare_class_sampling=dict(
        class_temp=0.01, min_crop_ratio=2, min_pixels=3000),
    source=dict(
        data_prefix=dict(img_path='images', seg_map_path='labels'),
        data_root='data/gta/',
        img_suffix='.png',
        pipeline=[
            dict(type='LoadImageFromFile'),
            dict(type='LoadAnnotations'),
            dict(scale=(
                2560,
                1440,
            ), type='Resize'),
            dict(
                cat_max_ratio=0.75,
                crop_size=(
                    1024,
                    1024,
                ),
                type='RandomCrop'),
            dict(prob=0.5, type='RandomFlip'),
            dict(type='PhotoMetricDistortion'),
            dict(type='PackSegInputs'),
        ],
        seg_map_suffix='_labelTrainIds.png',
        serialize_data=False,
        type='CityscapesDataset'),
    target=dict(
        data_prefix=dict(
            img_path='leftImg8bit/train', seg_map_path='gtFine/train'),
        data_root='data/cityscapes/',
        pipeline=[
            dict(type='LoadImageFromFile'),
            dict(type='LoadAnnotations'),
            dict(scale=(
                2048,
                1024,
            ), type='Resize'),
            dict(
                cat_max_ratio=0.75,
                crop_size=(
                    1024,
                    1024,
                ),
                type='RandomCrop'),
            dict(prob=0.5, type='RandomFlip'),
            dict(type='PhotoMetricDistortion'),
            dict(type='PackSegInputs'),
        ],
        serialize_data=False,
        type='CityscapesDataset'),
    type='DGDataset')
dg_dataset_val = dict(
    data_prefix=dict(img_path='leftImg8bit/val', seg_map_path='gtFine/val'),
    data_root='data/cityscapes/',
    pipeline=[
        dict(type='LoadImageFromFile'),
        dict(keep_ratio=True, scale=(
            2048,
            1024,
        ), type='Resize'),
        dict(type='LoadAnnotations'),
        dict(type='PackSegInputs'),
    ],
    type='CityscapesDataset')
embed_multi = dict(decay_mult=0.0, lr_mult=1.0)
env_cfg = dict(
    cudnn_benchmark=True,
    dist_cfg=dict(backend='nccl'),
    mp_cfg=dict(mp_start_method='fork', opencv_num_threads=0))
gta_crop_size = (
    1024,
    1024,
)
gta_root = 'data/gta/'
gta_test_pipeline = [
    dict(type='LoadImageFromFile'),
    dict(keep_ratio=True, scale=(
        1280,
        720,
    ), type='Resize'),
    dict(type='LoadAnnotations'),
    dict(type='PackSegInputs'),
]
gta_train_pipeline = [
    dict(type='LoadImageFromFile'),
    dict(type='LoadAnnotations'),
    dict(scale=(
        2560,
        1440,
    ), type='Resize'),
    dict(cat_max_ratio=0.75, crop_size=(
        1024,
        1024,
    ), type='RandomCrop'),
    dict(prob=0.5, type='RandomFlip'),
    dict(type='PhotoMetricDistortion'),
    dict(type='PackSegInputs'),
]
gta_type = 'CityscapesDataset'
launcher = 'none'
load_from = None
log_config = dict(
    hooks=[
        dict(by_epoch=False, type='TextLoggerHook'),
    ],
    img_interval=50,
    interval=50)
log_level = 'INFO'
log_processor = dict(by_epoch=False)
model = dict(
    aux_head=dict(
        align_corners=False,
        channels=256,
        dropout_ratio=0.1,
        in_channels=[
            1024,
            1024,
            1024,
            1024,
        ],
        in_index=[
            0,
            1,
            2,
            3,
        ],
        loss_decode=dict(
            loss_weight=1.0, type='CrossEntropyLoss', use_sigmoid=False),
        norm_cfg=dict(num_groups=32, type='GN'),
        num_classes=19,
        transformer=dict(
            d_head=64,
            depth=3,
            dropout=0.1,
            n_heads=8,
            query_dim=256,
            type='TransformerDecoder'),
        type='VFMHead'),
    backbone=dict(
        Lora_config=dict(
            lora_alpha=32, lora_dropout=0.1, r=32, target_modules=[
                'qkv',
            ]),
        backbone=dict(
            block_chunks=0,
            depth=24,
            embed_dim=1024,
            ffn_bias=True,
            ffn_layer='mlp',
            img_size=512,
            init_values=1e-05,
            mlp_ratio=4,
            num_heads=16,
            patch_size=16,
            proj_bias=True,
            qkv_bias=True,
            type='DinoVisionTransformer'),
        checkpoint='checkpoints/dinov2_converted.pth',
        type='LoRABackbone'),
    crop_coord_divisible=32,
    data_preprocessor=dict(
        bgr_to_rgb=True,
        mean=[
            123.675,
            116.28,
            103.53,
        ],
        pad_val=0,
        seg_pad_val=255,
        size=(
            1024,
            1024,
        ),
        std=[
            58.395,
            57.12,
            57.375,
        ],
        type='SegDataPreProcessor'),
    decode_head=dict(
        align_corners=False,
        channels=256,
        dropout_ratio=0.1,
        in_channels=[
            1024,
            1024,
            1024,
            1024,
        ],
        in_index=[
            0,
            1,
            2,
            3,
        ],
        loss_decode=dict(
            loss_weight=1.0, type='CrossEntropyLoss', use_sigmoid=False),
        norm_cfg=dict(num_groups=32, type='GN'),
        num_classes=19,
        type='LinearHead'),
    feature_scale=0.5,
    hr_crop_size=(
        512,
        512,
    ),
    scales=[
        1,
        0.5,
    ],
    test_cfg=dict(crop_size=[
        512,
        512,
    ], mode='slide', stride=[
        320,
        320,
    ]),
    train_cfg=dict(
        log_config=dict(
            hooks=[
                dict(by_epoch=False, type='TextLoggerHook'),
            ],
            img_interval=50,
            interval=50),
        work_dir='./work_dirs/dg_lora_dinov2_ms_1024x1024'),
    type='MsVFMEncoderDecoder')
num_classes = 19
optim_wrapper = dict(
    constructor='PEFTOptimWrapperConstructor',
    optimizer=dict(
        betas=(
            0.9,
            0.999,
        ),
        eps=1e-08,
        lr=0.0001,
        type='AdamW',
        weight_decay=0.05),
    paramwise_cfg=dict(
        custom_keys=dict({
            'learnable_tokens': dict(decay_mult=0.0, lr_mult=1.0),
            'level_embed': dict(decay_mult=0.0, lr_mult=1.0),
            'norm': dict(decay_mult=0.0),
            'query_embed': dict(decay_mult=0.0, lr_mult=1.0),
            'reins.scale': dict(decay_mult=0.0, lr_mult=1.0)
        }),
        norm_decay_mult=0.0))
param_scheduler = [
    dict(
        begin=0,
        by_epoch=False,
        end=40000,
        eta_min=0,
        power=0.9,
        type='PolyLR'),
]
randomness = dict(seed=42)
resume = False
test_cfg = dict(type='TestLoop')
test_dataloader = dict(
    batch_size=1,
    dataset=dict(
        data_prefix=dict(
            img_path='leftImg8bit/val', seg_map_path='gtFine/val'),
        data_root='data/cityscapes/',
        pipeline=[
            dict(type='LoadImageFromFile'),
            dict(keep_ratio=True, scale=(
                2048,
                1024,
            ), type='Resize'),
            dict(type='LoadAnnotations'),
            dict(type='PackSegInputs'),
        ],
        type='CityscapesDataset'),
    num_workers=4,
    persistent_workers=True,
    sampler=dict(shuffle=False, type='DefaultSampler'))
test_evaluator = dict(
    dataset_keys=[
        'citys',
    ], iou_metrics=[
        'mIoU',
    ], type='DGIoUMetric')
train_cfg = dict(
    max_iters=40000, type='IterBasedTrainLoop', val_interval=40000)
train_cityscapes = dict(
    data_prefix=dict(
        img_path='leftImg8bit/train', seg_map_path='gtFine/train'),
    data_root='data/cityscapes/',
    pipeline=[
        dict(type='LoadImageFromFile'),
        dict(type='LoadAnnotations'),
        dict(scale=(
            2048,
            1024,
        ), type='Resize'),
        dict(cat_max_ratio=0.75, crop_size=(
            1024,
            1024,
        ), type='RandomCrop'),
        dict(prob=0.5, type='RandomFlip'),
        dict(type='PhotoMetricDistortion'),
        dict(type='PackSegInputs'),
    ],
    serialize_data=False,
    type='CityscapesDataset')
train_dataloader = dict(
    batch_size=2,
    dataset=dict(
        rare_class_sampling=dict(
            class_temp=0.01, min_crop_ratio=2, min_pixels=3000),
        source=dict(
            data_prefix=dict(img_path='images', seg_map_path='labels'),
            data_root='data/gta/',
            img_suffix='.png',
            pipeline=[
                dict(type='LoadImageFromFile'),
                dict(type='LoadAnnotations'),
                dict(scale=(
                    2560,
                    1440,
                ), type='Resize'),
                dict(
                    cat_max_ratio=0.75,
                    crop_size=(
                        1024,
                        1024,
                    ),
                    type='RandomCrop'),
                dict(prob=0.5, type='RandomFlip'),
                dict(type='PhotoMetricDistortion'),
                dict(type='PackSegInputs'),
            ],
            seg_map_suffix='_labelTrainIds.png',
            serialize_data=False,
            type='CityscapesDataset'),
        target=dict(
            data_prefix=dict(
                img_path='leftImg8bit/train', seg_map_path='gtFine/train'),
            data_root='data/cityscapes/',
            pipeline=[
                dict(type='LoadImageFromFile'),
                dict(type='LoadAnnotations'),
                dict(scale=(
                    2048,
                    1024,
                ), type='Resize'),
                dict(
                    cat_max_ratio=0.75,
                    crop_size=(
                        1024,
                        1024,
                    ),
                    type='RandomCrop'),
                dict(prob=0.5, type='RandomFlip'),
                dict(type='PhotoMetricDistortion'),
                dict(type='PackSegInputs'),
            ],
            serialize_data=False,
            type='CityscapesDataset'),
        type='DGDataset'),
    num_workers=4,
    persistent_workers=True,
    pin_memory=True,
    sampler=dict(shuffle=True, type='InfiniteSampler'))
train_gta = dict(
    data_prefix=dict(img_path='images', seg_map_path='labels'),
    data_root='data/gta/',
    img_suffix='.png',
    pipeline=[
        dict(type='LoadImageFromFile'),
        dict(type='LoadAnnotations'),
        dict(scale=(
            2560,
            1440,
        ), type='Resize'),
        dict(cat_max_ratio=0.75, crop_size=(
            1024,
            1024,
        ), type='RandomCrop'),
        dict(prob=0.5, type='RandomFlip'),
        dict(type='PhotoMetricDistortion'),
        dict(type='PackSegInputs'),
    ],
    seg_map_suffix='_labelTrainIds.png',
    serialize_data=False,
    type='CityscapesDataset')
tta_model = dict(type='SegTTAModel')
val_cfg = dict(type='ValLoop')
val_cityscapes = dict(
    data_prefix=dict(img_path='leftImg8bit/val', seg_map_path='gtFine/val'),
    data_root='data/cityscapes/',
    pipeline=[
        dict(type='LoadImageFromFile'),
        dict(keep_ratio=True, scale=(
            2048,
            1024,
        ), type='Resize'),
        dict(type='LoadAnnotations'),
        dict(type='PackSegInputs'),
    ],
    type='CityscapesDataset')
val_dataloader = dict(
    batch_size=1,
    dataset=dict(
        data_prefix=dict(
            img_path='leftImg8bit/val', seg_map_path='gtFine/val'),
        data_root='data/cityscapes/',
        pipeline=[
            dict(type='LoadImageFromFile'),
            dict(keep_ratio=True, scale=(
                2048,
                1024,
            ), type='Resize'),
            dict(type='LoadAnnotations'),
            dict(type='PackSegInputs'),
        ],
        type='CityscapesDataset'),
    num_workers=4,
    persistent_workers=True,
    sampler=dict(shuffle=False, type='DefaultSampler'))
val_evaluator = dict(
    dataset_keys=[
        'citys',
    ], iou_metrics=[
        'mIoU',
    ], type='DGIoUMetric')
val_gta = dict(
    data_prefix=dict(img_path='images', seg_map_path='labels'),
    data_root='data/gta/',
    img_suffix='.png',
    pipeline=[
        dict(type='LoadImageFromFile'),
        dict(keep_ratio=True, scale=(
            1280,
            720,
        ), type='Resize'),
        dict(type='LoadAnnotations'),
        dict(type='PackSegInputs'),
    ],
    seg_map_suffix='_labelTrainIds.png',
    type='CityscapesDataset')
vis_backends = [
    dict(type='LocalVisBackend'),
    dict(type='TensorboardVisBackend'),
]
visualizer = dict(
    name='visualizer',
    type='SegLocalVisualizer',
    vis_backends=[
        dict(type='LocalVisBackend'),
        dict(type='TensorboardVisBackend'),
    ])
work_dir = './work_dirs/dg_lora_dinov2_ms_1024x1024'

/root/miniconda3/lib/python3.10/site-packages/mmseg/models/builder.py:36: UserWarning: ``build_loss`` would be deprecated soon, please use ``mmseg.registry.MODELS.build()`` 
  warnings.warn('``build_loss`` would be deprecated soon, please use '
/root/miniconda3/lib/python3.10/site-packages/mmseg/models/losses/cross_entropy_loss.py:250: UserWarning: Default ``avg_non_ignore`` is False, if you would like to ignore the certain label and average loss over non-ignore labels, which is the same with PyTorch official cross_entropy, set ``avg_non_ignore=True``.
  warnings.warn(
07/04 14:12:18 - mmengine - INFO - Distributed training is not used, all SyncBatchNorm (SyncBN) layers in the model will be automatically reverted to BatchNormXd layers if they are used.
07/04 14:12:18 - mmengine - INFO - Hooks will be executed in the following order:
before_run:
(VERY_HIGH   ) RuntimeInfoHook                    
(BELOW_NORMAL) LoggerHook                         
 -------------------- 
before_train:
(VERY_HIGH   ) RuntimeInfoHook                    
(NORMAL      ) IterTimerHook                      
(VERY_LOW    ) CheckpointHook                     
 -------------------- 
before_train_epoch:
(VERY_HIGH   ) RuntimeInfoHook                    
(NORMAL      ) IterTimerHook                      
(NORMAL      ) DistSamplerSeedHook                
 -------------------- 
before_train_iter:
(VERY_HIGH   ) RuntimeInfoHook                    
(NORMAL      ) IterTimerHook                      
 -------------------- 
after_train_iter:
(VERY_HIGH   ) RuntimeInfoHook                    
(NORMAL      ) IterTimerHook                      
(BELOW_NORMAL) LoggerHook                         
(LOW         ) ParamSchedulerHook                 
(VERY_LOW    ) CheckpointHook                     
 -------------------- 
after_train_epoch:
(NORMAL      ) IterTimerHook                      
(LOW         ) ParamSchedulerHook                 
(VERY_LOW    ) CheckpointHook                     
 -------------------- 
before_val:
(VERY_HIGH   ) RuntimeInfoHook                    
 -------------------- 
before_val_epoch:
(NORMAL      ) IterTimerHook                      
 -------------------- 
before_val_iter:
(NORMAL      ) IterTimerHook                      
 -------------------- 
after_val_iter:
(NORMAL      ) IterTimerHook                      
(BELOW_NORMAL) LoggerHook                         
 -------------------- 
after_val_epoch:
(VERY_HIGH   ) RuntimeInfoHook                    
(NORMAL      ) IterTimerHook                      
(BELOW_NORMAL) LoggerHook                         
(LOW         ) ParamSchedulerHook                 
(VERY_LOW    ) CheckpointHook                     
 -------------------- 
after_val:
(VERY_HIGH   ) RuntimeInfoHook                    
 -------------------- 
after_train:
(VERY_HIGH   ) RuntimeInfoHook                    
(VERY_LOW    ) CheckpointHook                     
 -------------------- 
before_test:
(VERY_HIGH   ) RuntimeInfoHook                    
 -------------------- 
before_test_epoch:
(NORMAL      ) IterTimerHook                      
 -------------------- 
before_test_iter:
(NORMAL      ) IterTimerHook                      
 -------------------- 
after_test_iter:
(NORMAL      ) IterTimerHook                      
(BELOW_NORMAL) LoggerHook                         
 -------------------- 
after_test_epoch:
(VERY_HIGH   ) RuntimeInfoHook                    
(NORMAL      ) IterTimerHook                      
(BELOW_NORMAL) LoggerHook                         
 -------------------- 
after_test:
(VERY_HIGH   ) RuntimeInfoHook                    
 -------------------- 
after_run:
(BELOW_NORMAL) LoggerHook                         
 -------------------- 
07/04 14:12:20 - mmengine - WARNING - Dataset DGDataset has no metainfo. ``dataset_meta`` in visualizer will be None.
07/04 14:12:26 - mmengine - INFO - set_requires_grad----base_model.model.blocks.0.attn.qkv.lora_A.default.weight
07/04 14:12:26 - mmengine - INFO - set_requires_grad----base_model.model.blocks.0.attn.qkv.lora_B.default.weight
07/04 14:12:26 - mmengine - INFO - set_requires_grad----base_model.model.blocks.1.attn.qkv.lora_A.default.weight
07/04 14:12:26 - mmengine - INFO - set_requires_grad----base_model.model.blocks.1.attn.qkv.lora_B.default.weight
07/04 14:12:26 - mmengine - INFO - set_requires_grad----base_model.model.blocks.2.attn.qkv.lora_A.default.weight
07/04 14:12:26 - mmengine - INFO - set_requires_grad----base_model.model.blocks.2.attn.qkv.lora_B.default.weight
07/04 14:12:26 - mmengine - INFO - set_requires_grad----base_model.model.blocks.3.attn.qkv.lora_A.default.weight
07/04 14:12:26 - mmengine - INFO - set_requires_grad----base_model.model.blocks.3.attn.qkv.lora_B.default.weight
07/04 14:12:26 - mmengine - INFO - set_requires_grad----base_model.model.blocks.4.attn.qkv.lora_A.default.weight
07/04 14:12:26 - mmengine - INFO - set_requires_grad----base_model.model.blocks.4.attn.qkv.lora_B.default.weight
07/04 14:12:26 - mmengine - INFO - set_requires_grad----base_model.model.blocks.5.attn.qkv.lora_A.default.weight
07/04 14:12:26 - mmengine - INFO - set_requires_grad----base_model.model.blocks.5.attn.qkv.lora_B.default.weight
07/04 14:12:26 - mmengine - INFO - set_requires_grad----base_model.model.blocks.6.attn.qkv.lora_A.default.weight
07/04 14:12:26 - mmengine - INFO - set_requires_grad----base_model.model.blocks.6.attn.qkv.lora_B.default.weight
07/04 14:12:26 - mmengine - INFO - set_requires_grad----base_model.model.blocks.7.attn.qkv.lora_A.default.weight
07/04 14:12:26 - mmengine - INFO - set_requires_grad----base_model.model.blocks.7.attn.qkv.lora_B.default.weight
07/04 14:12:26 - mmengine - INFO - set_requires_grad----base_model.model.blocks.8.attn.qkv.lora_A.default.weight
07/04 14:12:26 - mmengine - INFO - set_requires_grad----base_model.model.blocks.8.attn.qkv.lora_B.default.weight
07/04 14:12:26 - mmengine - INFO - set_requires_grad----base_model.model.blocks.9.attn.qkv.lora_A.default.weight
07/04 14:12:26 - mmengine - INFO - set_requires_grad----base_model.model.blocks.9.attn.qkv.lora_B.default.weight
07/04 14:12:26 - mmengine - INFO - set_requires_grad----base_model.model.blocks.10.attn.qkv.lora_A.default.weight
07/04 14:12:26 - mmengine - INFO - set_requires_grad----base_model.model.blocks.10.attn.qkv.lora_B.default.weight
07/04 14:12:26 - mmengine - INFO - set_requires_grad----base_model.model.blocks.11.attn.qkv.lora_A.default.weight
07/04 14:12:26 - mmengine - INFO - set_requires_grad----base_model.model.blocks.11.attn.qkv.lora_B.default.weight
07/04 14:12:26 - mmengine - INFO - set_requires_grad----base_model.model.blocks.12.attn.qkv.lora_A.default.weight
07/04 14:12:26 - mmengine - INFO - set_requires_grad----base_model.model.blocks.12.attn.qkv.lora_B.default.weight
07/04 14:12:26 - mmengine - INFO - set_requires_grad----base_model.model.blocks.13.attn.qkv.lora_A.default.weight
07/04 14:12:26 - mmengine - INFO - set_requires_grad----base_model.model.blocks.13.attn.qkv.lora_B.default.weight
07/04 14:12:26 - mmengine - INFO - set_requires_grad----base_model.model.blocks.14.attn.qkv.lora_A.default.weight
07/04 14:12:26 - mmengine - INFO - set_requires_grad----base_model.model.blocks.14.attn.qkv.lora_B.default.weight
07/04 14:12:26 - mmengine - INFO - set_requires_grad----base_model.model.blocks.15.attn.qkv.lora_A.default.weight
07/04 14:12:26 - mmengine - INFO - set_requires_grad----base_model.model.blocks.15.attn.qkv.lora_B.default.weight
07/04 14:12:26 - mmengine - INFO - set_requires_grad----base_model.model.blocks.16.attn.qkv.lora_A.default.weight
07/04 14:12:26 - mmengine - INFO - set_requires_grad----base_model.model.blocks.16.attn.qkv.lora_B.default.weight
07/04 14:12:26 - mmengine - INFO - set_requires_grad----base_model.model.blocks.17.attn.qkv.lora_A.default.weight
07/04 14:12:26 - mmengine - INFO - set_requires_grad----base_model.model.blocks.17.attn.qkv.lora_B.default.weight
07/04 14:12:26 - mmengine - INFO - set_requires_grad----base_model.model.blocks.18.attn.qkv.lora_A.default.weight
07/04 14:12:26 - mmengine - INFO - set_requires_grad----base_model.model.blocks.18.attn.qkv.lora_B.default.weight
07/04 14:12:26 - mmengine - INFO - set_requires_grad----base_model.model.blocks.19.attn.qkv.lora_A.default.weight
07/04 14:12:26 - mmengine - INFO - set_requires_grad----base_model.model.blocks.19.attn.qkv.lora_B.default.weight
07/04 14:12:26 - mmengine - INFO - set_requires_grad----base_model.model.blocks.20.attn.qkv.lora_A.default.weight
07/04 14:12:26 - mmengine - INFO - set_requires_grad----base_model.model.blocks.20.attn.qkv.lora_B.default.weight
07/04 14:12:26 - mmengine - INFO - set_requires_grad----base_model.model.blocks.21.attn.qkv.lora_A.default.weight
07/04 14:12:26 - mmengine - INFO - set_requires_grad----base_model.model.blocks.21.attn.qkv.lora_B.default.weight
07/04 14:12:26 - mmengine - INFO - set_requires_grad----base_model.model.blocks.22.attn.qkv.lora_A.default.weight
07/04 14:12:26 - mmengine - INFO - set_requires_grad----base_model.model.blocks.22.attn.qkv.lora_B.default.weight
07/04 14:12:26 - mmengine - INFO - set_requires_grad----base_model.model.blocks.23.attn.qkv.lora_A.default.weight
07/04 14:12:26 - mmengine - INFO - set_requires_grad----base_model.model.blocks.23.attn.qkv.lora_B.default.weight
07/04 14:12:26 - mmengine - INFO - Total trainable params--3145728, All params--307345408, Ratio--1.0%
07/04 14:12:26 - mmengine - INFO - set_train----.base_model.model.blocks.0.attn.qkv.lora_dropout
07/04 14:12:26 - mmengine - INFO - set_train----.base_model.model.blocks.0.attn.qkv.lora_A
07/04 14:12:26 - mmengine - INFO - set_train----.base_model.model.blocks.0.attn.qkv.lora_B
07/04 14:12:26 - mmengine - INFO - set_train----.base_model.model.blocks.0.attn.qkv.lora_embedding_A
07/04 14:12:26 - mmengine - INFO - set_train----.base_model.model.blocks.0.attn.qkv.lora_embedding_B
07/04 14:12:26 - mmengine - INFO - set_train----.base_model.model.blocks.1.attn.qkv.lora_dropout
07/04 14:12:26 - mmengine - INFO - set_train----.base_model.model.blocks.1.attn.qkv.lora_A
07/04 14:12:26 - mmengine - INFO - set_train----.base_model.model.blocks.1.attn.qkv.lora_B
07/04 14:12:26 - mmengine - INFO - set_train----.base_model.model.blocks.1.attn.qkv.lora_embedding_A
07/04 14:12:26 - mmengine - INFO - set_train----.base_model.model.blocks.1.attn.qkv.lora_embedding_B
07/04 14:12:26 - mmengine - INFO - set_train----.base_model.model.blocks.2.attn.qkv.lora_dropout
07/04 14:12:26 - mmengine - INFO - set_train----.base_model.model.blocks.2.attn.qkv.lora_A
07/04 14:12:26 - mmengine - INFO - set_train----.base_model.model.blocks.2.attn.qkv.lora_B
07/04 14:12:26 - mmengine - INFO - set_train----.base_model.model.blocks.2.attn.qkv.lora_embedding_A
07/04 14:12:26 - mmengine - INFO - set_train----.base_model.model.blocks.2.attn.qkv.lora_embedding_B
07/04 14:12:26 - mmengine - INFO - set_train----.base_model.model.blocks.3.attn.qkv.lora_dropout
07/04 14:12:26 - mmengine - INFO - set_train----.base_model.model.blocks.3.attn.qkv.lora_A
07/04 14:12:26 - mmengine - INFO - set_train----.base_model.model.blocks.3.attn.qkv.lora_B
07/04 14:12:26 - mmengine - INFO - set_train----.base_model.model.blocks.3.attn.qkv.lora_embedding_A
07/04 14:12:26 - mmengine - INFO - set_train----.base_model.model.blocks.3.attn.qkv.lora_embedding_B
07/04 14:12:26 - mmengine - INFO - set_train----.base_model.model.blocks.4.attn.qkv.lora_dropout
07/04 14:12:26 - mmengine - INFO - set_train----.base_model.model.blocks.4.attn.qkv.lora_A
07/04 14:12:26 - mmengine - INFO - set_train----.base_model.model.blocks.4.attn.qkv.lora_B
07/04 14:12:26 - mmengine - INFO - set_train----.base_model.model.blocks.4.attn.qkv.lora_embedding_A
07/04 14:12:26 - mmengine - INFO - set_train----.base_model.model.blocks.4.attn.qkv.lora_embedding_B
07/04 14:12:26 - mmengine - INFO - set_train----.base_model.model.blocks.5.attn.qkv.lora_dropout
07/04 14:12:26 - mmengine - INFO - set_train----.base_model.model.blocks.5.attn.qkv.lora_A
07/04 14:12:26 - mmengine - INFO - set_train----.base_model.model.blocks.5.attn.qkv.lora_B
07/04 14:12:26 - mmengine - INFO - set_train----.base_model.model.blocks.5.attn.qkv.lora_embedding_A
07/04 14:12:26 - mmengine - INFO - set_train----.base_model.model.blocks.5.attn.qkv.lora_embedding_B
07/04 14:12:26 - mmengine - INFO - set_train----.base_model.model.blocks.6.attn.qkv.lora_dropout
07/04 14:12:26 - mmengine - INFO - set_train----.base_model.model.blocks.6.attn.qkv.lora_A
07/04 14:12:26 - mmengine - INFO - set_train----.base_model.model.blocks.6.attn.qkv.lora_B
07/04 14:12:26 - mmengine - INFO - set_train----.base_model.model.blocks.6.attn.qkv.lora_embedding_A
07/04 14:12:26 - mmengine - INFO - set_train----.base_model.model.blocks.6.attn.qkv.lora_embedding_B
07/04 14:12:26 - mmengine - INFO - set_train----.base_model.model.blocks.7.attn.qkv.lora_dropout
07/04 14:12:26 - mmengine - INFO - set_train----.base_model.model.blocks.7.attn.qkv.lora_A
07/04 14:12:26 - mmengine - INFO - set_train----.base_model.model.blocks.7.attn.qkv.lora_B
07/04 14:12:26 - mmengine - INFO - set_train----.base_model.model.blocks.7.attn.qkv.lora_embedding_A
07/04 14:12:26 - mmengine - INFO - set_train----.base_model.model.blocks.7.attn.qkv.lora_embedding_B
07/04 14:12:26 - mmengine - INFO - set_train----.base_model.model.blocks.8.attn.qkv.lora_dropout
07/04 14:12:26 - mmengine - INFO - set_train----.base_model.model.blocks.8.attn.qkv.lora_A
07/04 14:12:26 - mmengine - INFO - set_train----.base_model.model.blocks.8.attn.qkv.lora_B
07/04 14:12:26 - mmengine - INFO - set_train----.base_model.model.blocks.8.attn.qkv.lora_embedding_A
07/04 14:12:26 - mmengine - INFO - set_train----.base_model.model.blocks.8.attn.qkv.lora_embedding_B
07/04 14:12:26 - mmengine - INFO - set_train----.base_model.model.blocks.9.attn.qkv.lora_dropout
07/04 14:12:26 - mmengine - INFO - set_train----.base_model.model.blocks.9.attn.qkv.lora_A
07/04 14:12:26 - mmengine - INFO - set_train----.base_model.model.blocks.9.attn.qkv.lora_B
07/04 14:12:26 - mmengine - INFO - set_train----.base_model.model.blocks.9.attn.qkv.lora_embedding_A
07/04 14:12:26 - mmengine - INFO - set_train----.base_model.model.blocks.9.attn.qkv.lora_embedding_B
07/04 14:12:26 - mmengine - INFO - set_train----.base_model.model.blocks.10.attn.qkv.lora_dropout
07/04 14:12:26 - mmengine - INFO - set_train----.base_model.model.blocks.10.attn.qkv.lora_A
07/04 14:12:26 - mmengine - INFO - set_train----.base_model.model.blocks.10.attn.qkv.lora_B
07/04 14:12:26 - mmengine - INFO - set_train----.base_model.model.blocks.10.attn.qkv.lora_embedding_A
07/04 14:12:26 - mmengine - INFO - set_train----.base_model.model.blocks.10.attn.qkv.lora_embedding_B
07/04 14:12:26 - mmengine - INFO - set_train----.base_model.model.blocks.11.attn.qkv.lora_dropout
07/04 14:12:26 - mmengine - INFO - set_train----.base_model.model.blocks.11.attn.qkv.lora_A
07/04 14:12:26 - mmengine - INFO - set_train----.base_model.model.blocks.11.attn.qkv.lora_B
07/04 14:12:26 - mmengine - INFO - set_train----.base_model.model.blocks.11.attn.qkv.lora_embedding_A
07/04 14:12:26 - mmengine - INFO - set_train----.base_model.model.blocks.11.attn.qkv.lora_embedding_B
07/04 14:12:26 - mmengine - INFO - set_train----.base_model.model.blocks.12.attn.qkv.lora_dropout
07/04 14:12:26 - mmengine - INFO - set_train----.base_model.model.blocks.12.attn.qkv.lora_A
07/04 14:12:26 - mmengine - INFO - set_train----.base_model.model.blocks.12.attn.qkv.lora_B
07/04 14:12:26 - mmengine - INFO - set_train----.base_model.model.blocks.12.attn.qkv.lora_embedding_A
07/04 14:12:26 - mmengine - INFO - set_train----.base_model.model.blocks.12.attn.qkv.lora_embedding_B
07/04 14:12:26 - mmengine - INFO - set_train----.base_model.model.blocks.13.attn.qkv.lora_dropout
07/04 14:12:26 - mmengine - INFO - set_train----.base_model.model.blocks.13.attn.qkv.lora_A
07/04 14:12:26 - mmengine - INFO - set_train----.base_model.model.blocks.13.attn.qkv.lora_B
07/04 14:12:26 - mmengine - INFO - set_train----.base_model.model.blocks.13.attn.qkv.lora_embedding_A
07/04 14:12:26 - mmengine - INFO - set_train----.base_model.model.blocks.13.attn.qkv.lora_embedding_B
07/04 14:12:26 - mmengine - INFO - set_train----.base_model.model.blocks.14.attn.qkv.lora_dropout
07/04 14:12:26 - mmengine - INFO - set_train----.base_model.model.blocks.14.attn.qkv.lora_A
07/04 14:12:26 - mmengine - INFO - set_train----.base_model.model.blocks.14.attn.qkv.lora_B
07/04 14:12:26 - mmengine - INFO - set_train----.base_model.model.blocks.14.attn.qkv.lora_embedding_A
07/04 14:12:26 - mmengine - INFO - set_train----.base_model.model.blocks.14.attn.qkv.lora_embedding_B
07/04 14:12:26 - mmengine - INFO - set_train----.base_model.model.blocks.15.attn.qkv.lora_dropout
07/04 14:12:26 - mmengine - INFO - set_train----.base_model.model.blocks.15.attn.qkv.lora_A
07/04 14:12:26 - mmengine - INFO - set_train----.base_model.model.blocks.15.attn.qkv.lora_B
07/04 14:12:26 - mmengine - INFO - set_train----.base_model.model.blocks.15.attn.qkv.lora_embedding_A
07/04 14:12:26 - mmengine - INFO - set_train----.base_model.model.blocks.15.attn.qkv.lora_embedding_B
07/04 14:12:26 - mmengine - INFO - set_train----.base_model.model.blocks.16.attn.qkv.lora_dropout
07/04 14:12:26 - mmengine - INFO - set_train----.base_model.model.blocks.16.attn.qkv.lora_A
07/04 14:12:26 - mmengine - INFO - set_train----.base_model.model.blocks.16.attn.qkv.lora_B
07/04 14:12:26 - mmengine - INFO - set_train----.base_model.model.blocks.16.attn.qkv.lora_embedding_A
07/04 14:12:26 - mmengine - INFO - set_train----.base_model.model.blocks.16.attn.qkv.lora_embedding_B
07/04 14:12:26 - mmengine - INFO - set_train----.base_model.model.blocks.17.attn.qkv.lora_dropout
07/04 14:12:26 - mmengine - INFO - set_train----.base_model.model.blocks.17.attn.qkv.lora_A
07/04 14:12:26 - mmengine - INFO - set_train----.base_model.model.blocks.17.attn.qkv.lora_B
07/04 14:12:26 - mmengine - INFO - set_train----.base_model.model.blocks.17.attn.qkv.lora_embedding_A
07/04 14:12:26 - mmengine - INFO - set_train----.base_model.model.blocks.17.attn.qkv.lora_embedding_B
07/04 14:12:26 - mmengine - INFO - set_train----.base_model.model.blocks.18.attn.qkv.lora_dropout
07/04 14:12:26 - mmengine - INFO - set_train----.base_model.model.blocks.18.attn.qkv.lora_A
07/04 14:12:26 - mmengine - INFO - set_train----.base_model.model.blocks.18.attn.qkv.lora_B
07/04 14:12:26 - mmengine - INFO - set_train----.base_model.model.blocks.18.attn.qkv.lora_embedding_A
07/04 14:12:26 - mmengine - INFO - set_train----.base_model.model.blocks.18.attn.qkv.lora_embedding_B
07/04 14:12:26 - mmengine - INFO - set_train----.base_model.model.blocks.19.attn.qkv.lora_dropout
07/04 14:12:26 - mmengine - INFO - set_train----.base_model.model.blocks.19.attn.qkv.lora_A
07/04 14:12:26 - mmengine - INFO - set_train----.base_model.model.blocks.19.attn.qkv.lora_B
07/04 14:12:26 - mmengine - INFO - set_train----.base_model.model.blocks.19.attn.qkv.lora_embedding_A
07/04 14:12:26 - mmengine - INFO - set_train----.base_model.model.blocks.19.attn.qkv.lora_embedding_B
07/04 14:12:26 - mmengine - INFO - set_train----.base_model.model.blocks.20.attn.qkv.lora_dropout
07/04 14:12:26 - mmengine - INFO - set_train----.base_model.model.blocks.20.attn.qkv.lora_A
07/04 14:12:26 - mmengine - INFO - set_train----.base_model.model.blocks.20.attn.qkv.lora_B
07/04 14:12:26 - mmengine - INFO - set_train----.base_model.model.blocks.20.attn.qkv.lora_embedding_A
07/04 14:12:26 - mmengine - INFO - set_train----.base_model.model.blocks.20.attn.qkv.lora_embedding_B
07/04 14:12:26 - mmengine - INFO - set_train----.base_model.model.blocks.21.attn.qkv.lora_dropout
07/04 14:12:26 - mmengine - INFO - set_train----.base_model.model.blocks.21.attn.qkv.lora_A
07/04 14:12:26 - mmengine - INFO - set_train----.base_model.model.blocks.21.attn.qkv.lora_B
07/04 14:12:26 - mmengine - INFO - set_train----.base_model.model.blocks.21.attn.qkv.lora_embedding_A
07/04 14:12:26 - mmengine - INFO - set_train----.base_model.model.blocks.21.attn.qkv.lora_embedding_B
07/04 14:12:26 - mmengine - INFO - set_train----.base_model.model.blocks.22.attn.qkv.lora_dropout
07/04 14:12:26 - mmengine - INFO - set_train----.base_model.model.blocks.22.attn.qkv.lora_A
07/04 14:12:26 - mmengine - INFO - set_train----.base_model.model.blocks.22.attn.qkv.lora_B
07/04 14:12:26 - mmengine - INFO - set_train----.base_model.model.blocks.22.attn.qkv.lora_embedding_A
07/04 14:12:26 - mmengine - INFO - set_train----.base_model.model.blocks.22.attn.qkv.lora_embedding_B
07/04 14:12:26 - mmengine - INFO - set_train----.base_model.model.blocks.23.attn.qkv.lora_dropout
07/04 14:12:26 - mmengine - INFO - set_train----.base_model.model.blocks.23.attn.qkv.lora_A
07/04 14:12:26 - mmengine - INFO - set_train----.base_model.model.blocks.23.attn.qkv.lora_B
07/04 14:12:26 - mmengine - INFO - set_train----.base_model.model.blocks.23.attn.qkv.lora_embedding_A
07/04 14:12:26 - mmengine - INFO - set_train----.base_model.model.blocks.23.attn.qkv.lora_embedding_B
07/04 14:12:26 - mmengine - INFO - paramwise_options -- backbone.model.base_model.model.blocks.0.attn.qkv.lora_A.default.weight:num of params=32768
07/04 14:12:26 - mmengine - INFO - paramwise_options -- backbone.model.base_model.model.blocks.0.attn.qkv.lora_B.default.weight:num of params=98304
07/04 14:12:26 - mmengine - INFO - paramwise_options -- backbone.model.base_model.model.blocks.1.attn.qkv.lora_A.default.weight:num of params=32768
07/04 14:12:26 - mmengine - INFO - paramwise_options -- backbone.model.base_model.model.blocks.1.attn.qkv.lora_B.default.weight:num of params=98304
07/04 14:12:26 - mmengine - INFO - paramwise_options -- backbone.model.base_model.model.blocks.2.attn.qkv.lora_A.default.weight:num of params=32768
07/04 14:12:26 - mmengine - INFO - paramwise_options -- backbone.model.base_model.model.blocks.2.attn.qkv.lora_B.default.weight:num of params=98304
07/04 14:12:26 - mmengine - INFO - paramwise_options -- backbone.model.base_model.model.blocks.3.attn.qkv.lora_A.default.weight:num of params=32768
07/04 14:12:26 - mmengine - INFO - paramwise_options -- backbone.model.base_model.model.blocks.3.attn.qkv.lora_B.default.weight:num of params=98304
07/04 14:12:26 - mmengine - INFO - paramwise_options -- backbone.model.base_model.model.blocks.4.attn.qkv.lora_A.default.weight:num of params=32768
07/04 14:12:26 - mmengine - INFO - paramwise_options -- backbone.model.base_model.model.blocks.4.attn.qkv.lora_B.default.weight:num of params=98304
07/04 14:12:26 - mmengine - INFO - paramwise_options -- backbone.model.base_model.model.blocks.5.attn.qkv.lora_A.default.weight:num of params=32768
07/04 14:12:26 - mmengine - INFO - paramwise_options -- backbone.model.base_model.model.blocks.5.attn.qkv.lora_B.default.weight:num of params=98304
07/04 14:12:26 - mmengine - INFO - paramwise_options -- backbone.model.base_model.model.blocks.6.attn.qkv.lora_A.default.weight:num of params=32768
07/04 14:12:26 - mmengine - INFO - paramwise_options -- backbone.model.base_model.model.blocks.6.attn.qkv.lora_B.default.weight:num of params=98304
07/04 14:12:26 - mmengine - INFO - paramwise_options -- backbone.model.base_model.model.blocks.7.attn.qkv.lora_A.default.weight:num of params=32768
07/04 14:12:26 - mmengine - INFO - paramwise_options -- backbone.model.base_model.model.blocks.7.attn.qkv.lora_B.default.weight:num of params=98304
07/04 14:12:26 - mmengine - INFO - paramwise_options -- backbone.model.base_model.model.blocks.8.attn.qkv.lora_A.default.weight:num of params=32768
07/04 14:12:26 - mmengine - INFO - paramwise_options -- backbone.model.base_model.model.blocks.8.attn.qkv.lora_B.default.weight:num of params=98304
07/04 14:12:26 - mmengine - INFO - paramwise_options -- backbone.model.base_model.model.blocks.9.attn.qkv.lora_A.default.weight:num of params=32768
07/04 14:12:26 - mmengine - INFO - paramwise_options -- backbone.model.base_model.model.blocks.9.attn.qkv.lora_B.default.weight:num of params=98304
07/04 14:12:26 - mmengine - INFO - paramwise_options -- backbone.model.base_model.model.blocks.10.attn.qkv.lora_A.default.weight:num of params=32768
07/04 14:12:26 - mmengine - INFO - paramwise_options -- backbone.model.base_model.model.blocks.10.attn.qkv.lora_B.default.weight:num of params=98304
07/04 14:12:26 - mmengine - INFO - paramwise_options -- backbone.model.base_model.model.blocks.11.attn.qkv.lora_A.default.weight:num of params=32768
07/04 14:12:26 - mmengine - INFO - paramwise_options -- backbone.model.base_model.model.blocks.11.attn.qkv.lora_B.default.weight:num of params=98304
07/04 14:12:26 - mmengine - INFO - paramwise_options -- backbone.model.base_model.model.blocks.12.attn.qkv.lora_A.default.weight:num of params=32768
07/04 14:12:26 - mmengine - INFO - paramwise_options -- backbone.model.base_model.model.blocks.12.attn.qkv.lora_B.default.weight:num of params=98304
07/04 14:12:26 - mmengine - INFO - paramwise_options -- backbone.model.base_model.model.blocks.13.attn.qkv.lora_A.default.weight:num of params=32768
07/04 14:12:26 - mmengine - INFO - paramwise_options -- backbone.model.base_model.model.blocks.13.attn.qkv.lora_B.default.weight:num of params=98304
07/04 14:12:26 - mmengine - INFO - paramwise_options -- backbone.model.base_model.model.blocks.14.attn.qkv.lora_A.default.weight:num of params=32768
07/04 14:12:26 - mmengine - INFO - paramwise_options -- backbone.model.base_model.model.blocks.14.attn.qkv.lora_B.default.weight:num of params=98304
07/04 14:12:26 - mmengine - INFO - paramwise_options -- backbone.model.base_model.model.blocks.15.attn.qkv.lora_A.default.weight:num of params=32768
07/04 14:12:26 - mmengine - INFO - paramwise_options -- backbone.model.base_model.model.blocks.15.attn.qkv.lora_B.default.weight:num of params=98304
07/04 14:12:26 - mmengine - INFO - paramwise_options -- backbone.model.base_model.model.blocks.16.attn.qkv.lora_A.default.weight:num of params=32768
07/04 14:12:26 - mmengine - INFO - paramwise_options -- backbone.model.base_model.model.blocks.16.attn.qkv.lora_B.default.weight:num of params=98304
07/04 14:12:26 - mmengine - INFO - paramwise_options -- backbone.model.base_model.model.blocks.17.attn.qkv.lora_A.default.weight:num of params=32768
07/04 14:12:26 - mmengine - INFO - paramwise_options -- backbone.model.base_model.model.blocks.17.attn.qkv.lora_B.default.weight:num of params=98304
07/04 14:12:26 - mmengine - INFO - paramwise_options -- backbone.model.base_model.model.blocks.18.attn.qkv.lora_A.default.weight:num of params=32768
07/04 14:12:26 - mmengine - INFO - paramwise_options -- backbone.model.base_model.model.blocks.18.attn.qkv.lora_B.default.weight:num of params=98304
07/04 14:12:26 - mmengine - INFO - paramwise_options -- backbone.model.base_model.model.blocks.19.attn.qkv.lora_A.default.weight:num of params=32768
07/04 14:12:26 - mmengine - INFO - paramwise_options -- backbone.model.base_model.model.blocks.19.attn.qkv.lora_B.default.weight:num of params=98304
07/04 14:12:26 - mmengine - INFO - paramwise_options -- backbone.model.base_model.model.blocks.20.attn.qkv.lora_A.default.weight:num of params=32768
07/04 14:12:26 - mmengine - INFO - paramwise_options -- backbone.model.base_model.model.blocks.20.attn.qkv.lora_B.default.weight:num of params=98304
07/04 14:12:26 - mmengine - INFO - paramwise_options -- backbone.model.base_model.model.blocks.21.attn.qkv.lora_A.default.weight:num of params=32768
07/04 14:12:26 - mmengine - INFO - paramwise_options -- backbone.model.base_model.model.blocks.21.attn.qkv.lora_B.default.weight:num of params=98304
07/04 14:12:26 - mmengine - INFO - paramwise_options -- backbone.model.base_model.model.blocks.22.attn.qkv.lora_A.default.weight:num of params=32768
07/04 14:12:26 - mmengine - INFO - paramwise_options -- backbone.model.base_model.model.blocks.22.attn.qkv.lora_B.default.weight:num of params=98304
07/04 14:12:26 - mmengine - INFO - paramwise_options -- backbone.model.base_model.model.blocks.23.attn.qkv.lora_A.default.weight:num of params=32768
07/04 14:12:26 - mmengine - INFO - paramwise_options -- backbone.model.base_model.model.blocks.23.attn.qkv.lora_B.default.weight:num of params=98304
07/04 14:12:26 - mmengine - INFO - paramwise_options -- decode_head.conv_seg.weight:num of params=4864
07/04 14:12:26 - mmengine - INFO - paramwise_options -- decode_head.conv_seg.bias:num of params=19
07/04 14:12:26 - mmengine - INFO - paramwise_options -- decode_head.fusion_conv.conv.weight:num of params=4194304
07/04 14:12:26 - mmengine - INFO - paramwise_options -- decode_head.fusion_conv.gn.weight:num of params=1024
07/04 14:12:26 - mmengine - INFO - paramwise_options -- decode_head.fusion_conv.gn.weight:weight_decay=0.0
07/04 14:12:26 - mmengine - INFO - paramwise_options -- decode_head.fusion_conv.gn.bias:num of params=1024
07/04 14:12:26 - mmengine - INFO - paramwise_options -- decode_head.fusion_conv.gn.bias:weight_decay=0.0
07/04 14:12:26 - mmengine - INFO - paramwise_options -- decode_head.output_upscaling.0.weight:num of params=2097152
07/04 14:12:26 - mmengine - INFO - paramwise_options -- decode_head.output_upscaling.0.bias:num of params=512
07/04 14:12:26 - mmengine - INFO - paramwise_options -- decode_head.output_upscaling.1.weight:num of params=512
07/04 14:12:26 - mmengine - INFO - paramwise_options -- decode_head.output_upscaling.1.weight:weight_decay=0.0
07/04 14:12:26 - mmengine - INFO - paramwise_options -- decode_head.output_upscaling.1.bias:num of params=512
07/04 14:12:26 - mmengine - INFO - paramwise_options -- decode_head.output_upscaling.1.bias:weight_decay=0.0
07/04 14:12:26 - mmengine - INFO - paramwise_options -- decode_head.output_upscaling.3.weight:num of params=524288
07/04 14:12:26 - mmengine - INFO - paramwise_options -- decode_head.output_upscaling.3.bias:num of params=256
07/04 14:12:26 - mmengine - INFO - paramwise_options -- aux_decoder.query:num of params=524288
07/04 14:12:26 - mmengine - INFO - paramwise_options -- aux_decoder.pos_enc:num of params=2048
07/04 14:12:26 - mmengine - INFO - paramwise_options -- aux_decoder.conv_seg.weight:num of params=1216
07/04 14:12:26 - mmengine - INFO - paramwise_options -- aux_decoder.conv_seg.bias:num of params=19
07/04 14:12:26 - mmengine - INFO - paramwise_options -- aux_decoder.fuse_conv.0.weight:num of params=1048576
07/04 14:12:26 - mmengine - INFO - paramwise_options -- aux_decoder.fuse_conv.0.bias:num of params=256
07/04 14:12:26 - mmengine - INFO - paramwise_options -- aux_decoder.fuse_conv.1.weight:num of params=256
07/04 14:12:26 - mmengine - INFO - paramwise_options -- aux_decoder.fuse_conv.1.weight:weight_decay=0.0
07/04 14:12:26 - mmengine - INFO - paramwise_options -- aux_decoder.fuse_conv.1.bias:num of params=256
07/04 14:12:26 - mmengine - INFO - paramwise_options -- aux_decoder.fuse_conv.1.bias:weight_decay=0.0
07/04 14:12:26 - mmengine - INFO - paramwise_options -- aux_decoder.output_upscaling.0.weight:num of params=131072
07/04 14:12:26 - mmengine - INFO - paramwise_options -- aux_decoder.output_upscaling.0.bias:num of params=128
07/04 14:12:26 - mmengine - INFO - paramwise_options -- aux_decoder.output_upscaling.1.weight:num of params=128
07/04 14:12:26 - mmengine - INFO - paramwise_options -- aux_decoder.output_upscaling.1.weight:weight_decay=0.0
07/04 14:12:26 - mmengine - INFO - paramwise_options -- aux_decoder.output_upscaling.1.bias:num of params=128
07/04 14:12:26 - mmengine - INFO - paramwise_options -- aux_decoder.output_upscaling.1.bias:weight_decay=0.0
07/04 14:12:26 - mmengine - INFO - paramwise_options -- aux_decoder.output_upscaling.3.weight:num of params=32768
07/04 14:12:26 - mmengine - INFO - paramwise_options -- aux_decoder.output_upscaling.3.bias:num of params=64
07/04 14:12:26 - mmengine - INFO - paramwise_options -- aux_decoder.seg_logits_embed.0.weight:num of params=4864
07/04 14:12:26 - mmengine - INFO - paramwise_options -- aux_decoder.seg_logits_embed.0.bias:num of params=64
07/04 14:12:26 - mmengine - INFO - paramwise_options -- aux_decoder.seg_logits_embed.1.weight:num of params=64
07/04 14:12:26 - mmengine - INFO - paramwise_options -- aux_decoder.seg_logits_embed.1.weight:weight_decay=0.0
07/04 14:12:26 - mmengine - INFO - paramwise_options -- aux_decoder.seg_logits_embed.1.bias:num of params=64
07/04 14:12:26 - mmengine - INFO - paramwise_options -- aux_decoder.seg_logits_embed.1.bias:weight_decay=0.0
07/04 14:12:26 - mmengine - INFO - paramwise_options -- aux_decoder.seg_logits_embed.3.weight:num of params=32768
07/04 14:12:26 - mmengine - INFO - paramwise_options -- aux_decoder.seg_logits_embed.3.bias:num of params=128
07/04 14:12:26 - mmengine - INFO - paramwise_options -- aux_decoder.seg_logits_embed.4.weight:num of params=128
07/04 14:12:26 - mmengine - INFO - paramwise_options -- aux_decoder.seg_logits_embed.4.weight:weight_decay=0.0
07/04 14:12:26 - mmengine - INFO - paramwise_options -- aux_decoder.seg_logits_embed.4.bias:num of params=128
07/04 14:12:26 - mmengine - INFO - paramwise_options -- aux_decoder.seg_logits_embed.4.bias:weight_decay=0.0
07/04 14:12:26 - mmengine - INFO - paramwise_options -- aux_decoder.seg_logits_embed.6.weight:num of params=32768
07/04 14:12:26 - mmengine - INFO - paramwise_options -- aux_decoder.seg_logits_embed.6.bias:num of params=256
07/04 14:12:26 - mmengine - INFO - paramwise_options -- aux_decoder.seg_logits_embed.7.weight:num of params=256
07/04 14:12:26 - mmengine - INFO - paramwise_options -- aux_decoder.seg_logits_embed.7.weight:weight_decay=0.0
07/04 14:12:26 - mmengine - INFO - paramwise_options -- aux_decoder.seg_logits_embed.7.bias:num of params=256
07/04 14:12:26 - mmengine - INFO - paramwise_options -- aux_decoder.seg_logits_embed.7.bias:weight_decay=0.0
07/04 14:12:26 - mmengine - INFO - paramwise_options -- aux_decoder.transformer_decoder.norm.weight:num of params=256
07/04 14:12:26 - mmengine - INFO - paramwise_options -- aux_decoder.transformer_decoder.norm.weight:lr=0.0001
07/04 14:12:26 - mmengine - INFO - paramwise_options -- aux_decoder.transformer_decoder.norm.weight:weight_decay=0.0
07/04 14:12:26 - mmengine - INFO - paramwise_options -- aux_decoder.transformer_decoder.norm.weight:decay_mult=0.0
07/04 14:12:26 - mmengine - INFO - paramwise_options -- aux_decoder.transformer_decoder.norm.bias:num of params=256
07/04 14:12:26 - mmengine - INFO - paramwise_options -- aux_decoder.transformer_decoder.norm.bias:lr=0.0001
07/04 14:12:26 - mmengine - INFO - paramwise_options -- aux_decoder.transformer_decoder.norm.bias:weight_decay=0.0
07/04 14:12:26 - mmengine - INFO - paramwise_options -- aux_decoder.transformer_decoder.norm.bias:decay_mult=0.0
07/04 14:12:26 - mmengine - INFO - paramwise_options -- aux_decoder.transformer_decoder.transformer_blocks.0.attn1.to_q.weight:num of params=131072
07/04 14:12:26 - mmengine - INFO - paramwise_options -- aux_decoder.transformer_decoder.transformer_blocks.0.attn1.to_k.weight:num of params=131072
07/04 14:12:26 - mmengine - INFO - paramwise_options -- aux_decoder.transformer_decoder.transformer_blocks.0.attn1.to_v.weight:num of params=131072
07/04 14:12:26 - mmengine - INFO - paramwise_options -- aux_decoder.transformer_decoder.transformer_blocks.0.attn1.to_out.0.weight:num of params=131072
07/04 14:12:26 - mmengine - INFO - paramwise_options -- aux_decoder.transformer_decoder.transformer_blocks.0.attn1.to_out.0.bias:num of params=256
07/04 14:12:26 - mmengine - INFO - paramwise_options -- aux_decoder.transformer_decoder.transformer_blocks.0.ff.net.0.proj.weight:num of params=524288
07/04 14:12:26 - mmengine - INFO - paramwise_options -- aux_decoder.transformer_decoder.transformer_blocks.0.ff.net.0.proj.bias:num of params=2048
07/04 14:12:26 - mmengine - INFO - paramwise_options -- aux_decoder.transformer_decoder.transformer_blocks.0.ff.net.2.weight:num of params=262144
07/04 14:12:26 - mmengine - INFO - paramwise_options -- aux_decoder.transformer_decoder.transformer_blocks.0.ff.net.2.bias:num of params=256
07/04 14:12:26 - mmengine - INFO - paramwise_options -- aux_decoder.transformer_decoder.transformer_blocks.0.attn2.to_q.weight:num of params=131072
07/04 14:12:26 - mmengine - INFO - paramwise_options -- aux_decoder.transformer_decoder.transformer_blocks.0.attn2.to_k.weight:num of params=262144
07/04 14:12:26 - mmengine - INFO - paramwise_options -- aux_decoder.transformer_decoder.transformer_blocks.0.attn2.to_v.weight:num of params=262144
07/04 14:12:26 - mmengine - INFO - paramwise_options -- aux_decoder.transformer_decoder.transformer_blocks.0.attn2.to_out.0.weight:num of params=131072
07/04 14:12:26 - mmengine - INFO - paramwise_options -- aux_decoder.transformer_decoder.transformer_blocks.0.attn2.to_out.0.bias:num of params=256
07/04 14:12:26 - mmengine - INFO - paramwise_options -- aux_decoder.transformer_decoder.transformer_blocks.0.norm1.weight:num of params=256
07/04 14:12:26 - mmengine - INFO - paramwise_options -- aux_decoder.transformer_decoder.transformer_blocks.0.norm1.weight:lr=0.0001
07/04 14:12:26 - mmengine - INFO - paramwise_options -- aux_decoder.transformer_decoder.transformer_blocks.0.norm1.weight:weight_decay=0.0
07/04 14:12:26 - mmengine - INFO - paramwise_options -- aux_decoder.transformer_decoder.transformer_blocks.0.norm1.weight:decay_mult=0.0
07/04 14:12:26 - mmengine - INFO - paramwise_options -- aux_decoder.transformer_decoder.transformer_blocks.0.norm1.bias:num of params=256
07/04 14:12:26 - mmengine - INFO - paramwise_options -- aux_decoder.transformer_decoder.transformer_blocks.0.norm1.bias:lr=0.0001
07/04 14:12:26 - mmengine - INFO - paramwise_options -- aux_decoder.transformer_decoder.transformer_blocks.0.norm1.bias:weight_decay=0.0
07/04 14:12:26 - mmengine - INFO - paramwise_options -- aux_decoder.transformer_decoder.transformer_blocks.0.norm1.bias:decay_mult=0.0
07/04 14:12:26 - mmengine - INFO - paramwise_options -- aux_decoder.transformer_decoder.transformer_blocks.0.norm2.weight:num of params=256
07/04 14:12:26 - mmengine - INFO - paramwise_options -- aux_decoder.transformer_decoder.transformer_blocks.0.norm2.weight:lr=0.0001
07/04 14:12:26 - mmengine - INFO - paramwise_options -- aux_decoder.transformer_decoder.transformer_blocks.0.norm2.weight:weight_decay=0.0
07/04 14:12:26 - mmengine - INFO - paramwise_options -- aux_decoder.transformer_decoder.transformer_blocks.0.norm2.weight:decay_mult=0.0
07/04 14:12:26 - mmengine - INFO - paramwise_options -- aux_decoder.transformer_decoder.transformer_blocks.0.norm2.bias:num of params=256
07/04 14:12:26 - mmengine - INFO - paramwise_options -- aux_decoder.transformer_decoder.transformer_blocks.0.norm2.bias:lr=0.0001
07/04 14:12:26 - mmengine - INFO - paramwise_options -- aux_decoder.transformer_decoder.transformer_blocks.0.norm2.bias:weight_decay=0.0
07/04 14:12:26 - mmengine - INFO - paramwise_options -- aux_decoder.transformer_decoder.transformer_blocks.0.norm2.bias:decay_mult=0.0
07/04 14:12:26 - mmengine - INFO - paramwise_options -- aux_decoder.transformer_decoder.transformer_blocks.0.norm3.weight:num of params=256
07/04 14:12:26 - mmengine - INFO - paramwise_options -- aux_decoder.transformer_decoder.transformer_blocks.0.norm3.weight:lr=0.0001
07/04 14:12:26 - mmengine - INFO - paramwise_options -- aux_decoder.transformer_decoder.transformer_blocks.0.norm3.weight:weight_decay=0.0
07/04 14:12:26 - mmengine - INFO - paramwise_options -- aux_decoder.transformer_decoder.transformer_blocks.0.norm3.weight:decay_mult=0.0
07/04 14:12:26 - mmengine - INFO - paramwise_options -- aux_decoder.transformer_decoder.transformer_blocks.0.norm3.bias:num of params=256
07/04 14:12:26 - mmengine - INFO - paramwise_options -- aux_decoder.transformer_decoder.transformer_blocks.0.norm3.bias:lr=0.0001
07/04 14:12:26 - mmengine - INFO - paramwise_options -- aux_decoder.transformer_decoder.transformer_blocks.0.norm3.bias:weight_decay=0.0
07/04 14:12:26 - mmengine - INFO - paramwise_options -- aux_decoder.transformer_decoder.transformer_blocks.0.norm3.bias:decay_mult=0.0
07/04 14:12:26 - mmengine - INFO - paramwise_options -- aux_decoder.transformer_decoder.transformer_blocks.1.attn1.to_q.weight:num of params=131072
07/04 14:12:26 - mmengine - INFO - paramwise_options -- aux_decoder.transformer_decoder.transformer_blocks.1.attn1.to_k.weight:num of params=131072
07/04 14:12:26 - mmengine - INFO - paramwise_options -- aux_decoder.transformer_decoder.transformer_blocks.1.attn1.to_v.weight:num of params=131072
07/04 14:12:26 - mmengine - INFO - paramwise_options -- aux_decoder.transformer_decoder.transformer_blocks.1.attn1.to_out.0.weight:num of params=131072
07/04 14:12:26 - mmengine - INFO - paramwise_options -- aux_decoder.transformer_decoder.transformer_blocks.1.attn1.to_out.0.bias:num of params=256
07/04 14:12:26 - mmengine - INFO - paramwise_options -- aux_decoder.transformer_decoder.transformer_blocks.1.ff.net.0.proj.weight:num of params=524288
07/04 14:12:26 - mmengine - INFO - paramwise_options -- aux_decoder.transformer_decoder.transformer_blocks.1.ff.net.0.proj.bias:num of params=2048
07/04 14:12:26 - mmengine - INFO - paramwise_options -- aux_decoder.transformer_decoder.transformer_blocks.1.ff.net.2.weight:num of params=262144
07/04 14:12:26 - mmengine - INFO - paramwise_options -- aux_decoder.transformer_decoder.transformer_blocks.1.ff.net.2.bias:num of params=256
07/04 14:12:26 - mmengine - INFO - paramwise_options -- aux_decoder.transformer_decoder.transformer_blocks.1.attn2.to_q.weight:num of params=131072
07/04 14:12:26 - mmengine - INFO - paramwise_options -- aux_decoder.transformer_decoder.transformer_blocks.1.attn2.to_k.weight:num of params=262144
07/04 14:12:26 - mmengine - INFO - paramwise_options -- aux_decoder.transformer_decoder.transformer_blocks.1.attn2.to_v.weight:num of params=262144
07/04 14:12:26 - mmengine - INFO - paramwise_options -- aux_decoder.transformer_decoder.transformer_blocks.1.attn2.to_out.0.weight:num of params=131072
07/04 14:12:26 - mmengine - INFO - paramwise_options -- aux_decoder.transformer_decoder.transformer_blocks.1.attn2.to_out.0.bias:num of params=256
07/04 14:12:26 - mmengine - INFO - paramwise_options -- aux_decoder.transformer_decoder.transformer_blocks.1.norm1.weight:num of params=256
07/04 14:12:26 - mmengine - INFO - paramwise_options -- aux_decoder.transformer_decoder.transformer_blocks.1.norm1.weight:lr=0.0001
07/04 14:12:26 - mmengine - INFO - paramwise_options -- aux_decoder.transformer_decoder.transformer_blocks.1.norm1.weight:weight_decay=0.0
07/04 14:12:26 - mmengine - INFO - paramwise_options -- aux_decoder.transformer_decoder.transformer_blocks.1.norm1.weight:decay_mult=0.0
07/04 14:12:26 - mmengine - INFO - paramwise_options -- aux_decoder.transformer_decoder.transformer_blocks.1.norm1.bias:num of params=256
07/04 14:12:26 - mmengine - INFO - paramwise_options -- aux_decoder.transformer_decoder.transformer_blocks.1.norm1.bias:lr=0.0001
07/04 14:12:26 - mmengine - INFO - paramwise_options -- aux_decoder.transformer_decoder.transformer_blocks.1.norm1.bias:weight_decay=0.0
07/04 14:12:26 - mmengine - INFO - paramwise_options -- aux_decoder.transformer_decoder.transformer_blocks.1.norm1.bias:decay_mult=0.0
07/04 14:12:26 - mmengine - INFO - paramwise_options -- aux_decoder.transformer_decoder.transformer_blocks.1.norm2.weight:num of params=256
07/04 14:12:26 - mmengine - INFO - paramwise_options -- aux_decoder.transformer_decoder.transformer_blocks.1.norm2.weight:lr=0.0001
07/04 14:12:26 - mmengine - INFO - paramwise_options -- aux_decoder.transformer_decoder.transformer_blocks.1.norm2.weight:weight_decay=0.0
07/04 14:12:26 - mmengine - INFO - paramwise_options -- aux_decoder.transformer_decoder.transformer_blocks.1.norm2.weight:decay_mult=0.0
07/04 14:12:26 - mmengine - INFO - paramwise_options -- aux_decoder.transformer_decoder.transformer_blocks.1.norm2.bias:num of params=256
07/04 14:12:26 - mmengine - INFO - paramwise_options -- aux_decoder.transformer_decoder.transformer_blocks.1.norm2.bias:lr=0.0001
07/04 14:12:26 - mmengine - INFO - paramwise_options -- aux_decoder.transformer_decoder.transformer_blocks.1.norm2.bias:weight_decay=0.0
07/04 14:12:26 - mmengine - INFO - paramwise_options -- aux_decoder.transformer_decoder.transformer_blocks.1.norm2.bias:decay_mult=0.0
07/04 14:12:26 - mmengine - INFO - paramwise_options -- aux_decoder.transformer_decoder.transformer_blocks.1.norm3.weight:num of params=256
07/04 14:12:26 - mmengine - INFO - paramwise_options -- aux_decoder.transformer_decoder.transformer_blocks.1.norm3.weight:lr=0.0001
07/04 14:12:26 - mmengine - INFO - paramwise_options -- aux_decoder.transformer_decoder.transformer_blocks.1.norm3.weight:weight_decay=0.0
07/04 14:12:26 - mmengine - INFO - paramwise_options -- aux_decoder.transformer_decoder.transformer_blocks.1.norm3.weight:decay_mult=0.0
07/04 14:12:26 - mmengine - INFO - paramwise_options -- aux_decoder.transformer_decoder.transformer_blocks.1.norm3.bias:num of params=256
07/04 14:12:26 - mmengine - INFO - paramwise_options -- aux_decoder.transformer_decoder.transformer_blocks.1.norm3.bias:lr=0.0001
07/04 14:12:26 - mmengine - INFO - paramwise_options -- aux_decoder.transformer_decoder.transformer_blocks.1.norm3.bias:weight_decay=0.0
07/04 14:12:26 - mmengine - INFO - paramwise_options -- aux_decoder.transformer_decoder.transformer_blocks.1.norm3.bias:decay_mult=0.0
07/04 14:12:26 - mmengine - INFO - paramwise_options -- aux_decoder.transformer_decoder.transformer_blocks.2.attn1.to_q.weight:num of params=131072
07/04 14:12:26 - mmengine - INFO - paramwise_options -- aux_decoder.transformer_decoder.transformer_blocks.2.attn1.to_k.weight:num of params=131072
07/04 14:12:26 - mmengine - INFO - paramwise_options -- aux_decoder.transformer_decoder.transformer_blocks.2.attn1.to_v.weight:num of params=131072
07/04 14:12:26 - mmengine - INFO - paramwise_options -- aux_decoder.transformer_decoder.transformer_blocks.2.attn1.to_out.0.weight:num of params=131072
07/04 14:12:26 - mmengine - INFO - paramwise_options -- aux_decoder.transformer_decoder.transformer_blocks.2.attn1.to_out.0.bias:num of params=256
07/04 14:12:26 - mmengine - INFO - paramwise_options -- aux_decoder.transformer_decoder.transformer_blocks.2.ff.net.0.proj.weight:num of params=524288
07/04 14:12:26 - mmengine - INFO - paramwise_options -- aux_decoder.transformer_decoder.transformer_blocks.2.ff.net.0.proj.bias:num of params=2048
07/04 14:12:26 - mmengine - INFO - paramwise_options -- aux_decoder.transformer_decoder.transformer_blocks.2.ff.net.2.weight:num of params=262144
07/04 14:12:26 - mmengine - INFO - paramwise_options -- aux_decoder.transformer_decoder.transformer_blocks.2.ff.net.2.bias:num of params=256
07/04 14:12:26 - mmengine - INFO - paramwise_options -- aux_decoder.transformer_decoder.transformer_blocks.2.attn2.to_q.weight:num of params=131072
07/04 14:12:26 - mmengine - INFO - paramwise_options -- aux_decoder.transformer_decoder.transformer_blocks.2.attn2.to_k.weight:num of params=262144
07/04 14:12:26 - mmengine - INFO - paramwise_options -- aux_decoder.transformer_decoder.transformer_blocks.2.attn2.to_v.weight:num of params=262144
07/04 14:12:26 - mmengine - INFO - paramwise_options -- aux_decoder.transformer_decoder.transformer_blocks.2.attn2.to_out.0.weight:num of params=131072
07/04 14:12:26 - mmengine - INFO - paramwise_options -- aux_decoder.transformer_decoder.transformer_blocks.2.attn2.to_out.0.bias:num of params=256
07/04 14:12:26 - mmengine - INFO - paramwise_options -- aux_decoder.transformer_decoder.transformer_blocks.2.norm1.weight:num of params=256
07/04 14:12:26 - mmengine - INFO - paramwise_options -- aux_decoder.transformer_decoder.transformer_blocks.2.norm1.weight:lr=0.0001
07/04 14:12:26 - mmengine - INFO - paramwise_options -- aux_decoder.transformer_decoder.transformer_blocks.2.norm1.weight:weight_decay=0.0
07/04 14:12:26 - mmengine - INFO - paramwise_options -- aux_decoder.transformer_decoder.transformer_blocks.2.norm1.weight:decay_mult=0.0
07/04 14:12:26 - mmengine - INFO - paramwise_options -- aux_decoder.transformer_decoder.transformer_blocks.2.norm1.bias:num of params=256
07/04 14:12:26 - mmengine - INFO - paramwise_options -- aux_decoder.transformer_decoder.transformer_blocks.2.norm1.bias:lr=0.0001
07/04 14:12:26 - mmengine - INFO - paramwise_options -- aux_decoder.transformer_decoder.transformer_blocks.2.norm1.bias:weight_decay=0.0
07/04 14:12:26 - mmengine - INFO - paramwise_options -- aux_decoder.transformer_decoder.transformer_blocks.2.norm1.bias:decay_mult=0.0
07/04 14:12:26 - mmengine - INFO - paramwise_options -- aux_decoder.transformer_decoder.transformer_blocks.2.norm2.weight:num of params=256
07/04 14:12:26 - mmengine - INFO - paramwise_options -- aux_decoder.transformer_decoder.transformer_blocks.2.norm2.weight:lr=0.0001
07/04 14:12:26 - mmengine - INFO - paramwise_options -- aux_decoder.transformer_decoder.transformer_blocks.2.norm2.weight:weight_decay=0.0
07/04 14:12:26 - mmengine - INFO - paramwise_options -- aux_decoder.transformer_decoder.transformer_blocks.2.norm2.weight:decay_mult=0.0
07/04 14:12:26 - mmengine - INFO - paramwise_options -- aux_decoder.transformer_decoder.transformer_blocks.2.norm2.bias:num of params=256
07/04 14:12:26 - mmengine - INFO - paramwise_options -- aux_decoder.transformer_decoder.transformer_blocks.2.norm2.bias:lr=0.0001
07/04 14:12:26 - mmengine - INFO - paramwise_options -- aux_decoder.transformer_decoder.transformer_blocks.2.norm2.bias:weight_decay=0.0
07/04 14:12:26 - mmengine - INFO - paramwise_options -- aux_decoder.transformer_decoder.transformer_blocks.2.norm2.bias:decay_mult=0.0
07/04 14:12:26 - mmengine - INFO - paramwise_options -- aux_decoder.transformer_decoder.transformer_blocks.2.norm3.weight:num of params=256
07/04 14:12:26 - mmengine - INFO - paramwise_options -- aux_decoder.transformer_decoder.transformer_blocks.2.norm3.weight:lr=0.0001
07/04 14:12:26 - mmengine - INFO - paramwise_options -- aux_decoder.transformer_decoder.transformer_blocks.2.norm3.weight:weight_decay=0.0
07/04 14:12:26 - mmengine - INFO - paramwise_options -- aux_decoder.transformer_decoder.transformer_blocks.2.norm3.weight:decay_mult=0.0
07/04 14:12:26 - mmengine - INFO - paramwise_options -- aux_decoder.transformer_decoder.transformer_blocks.2.norm3.bias:num of params=256
07/04 14:12:26 - mmengine - INFO - paramwise_options -- aux_decoder.transformer_decoder.transformer_blocks.2.norm3.bias:lr=0.0001
07/04 14:12:26 - mmengine - INFO - paramwise_options -- aux_decoder.transformer_decoder.transformer_blocks.2.norm3.bias:weight_decay=0.0
07/04 14:12:26 - mmengine - INFO - paramwise_options -- aux_decoder.transformer_decoder.transformer_blocks.2.norm3.bias:decay_mult=0.0
07/04 14:12:27 - mmengine - WARNING - The prefix is not set in metric class DGIoUMetric.
07/04 14:12:28 - mmengine - WARNING - "FileClient" will be deprecated in future. Please use io functions in https://mmengine.readthedocs.io/en/latest/api/fileio.html#file-io
07/04 14:12:28 - mmengine - WARNING - "HardDiskBackend" is the alias of "LocalBackend" and the former will be deprecated in future.
07/04 14:12:28 - mmengine - INFO - Checkpoints will be saved to /data3/tangpeiyuan/code/Rein-train/work_dirs/dg_lora_dinov2_ms_1024x1024.
07/04 14:12:57 - mmengine - INFO - Iter(train) [   50/40000]  base_lr: 9.9890e-05 lr: 9.9890e-05  eta: 6:37:19  time: 0.5115  data_time: 0.0109  memory: 23216  loss: 4.4977  decode_lr.loss_ce: 1.7360  decode_lr.acc_seg: 60.9316  decode_hr.loss_ce: 2.7617  decode_hr.acc_seg: 54.1358
07/04 14:13:26 - mmengine - INFO - Iter(train) [  100/40000]  base_lr: 9.9777e-05 lr: 9.9777e-05  eta: 6:26:53  time: 0.5157  data_time: 0.0107  memory: 6801  loss: 3.6602  decode_lr.loss_ce: 1.2444  decode_lr.acc_seg: 79.6047  decode_hr.loss_ce: 2.4158  decode_hr.acc_seg: 43.6212
07/04 14:13:53 - mmengine - INFO - Iter(train) [  150/40000]  base_lr: 9.9665e-05 lr: 9.9665e-05  eta: 6:18:08  time: 0.5187  data_time: 0.0109  memory: 6801  loss: 3.3067  decode_lr.loss_ce: 0.9434  decode_lr.acc_seg: 71.9086  decode_hr.loss_ce: 2.3633  decode_hr.acc_seg: 22.4544
07/04 14:14:20 - mmengine - INFO - Iter(train) [  200/40000]  base_lr: 9.9552e-05 lr: 9.9552e-05  eta: 6:14:06  time: 0.5217  data_time: 0.0120  memory: 6801  loss: 2.5847  decode_lr.loss_ce: 0.7382  decode_lr.acc_seg: 67.7343  decode_hr.loss_ce: 1.8465  decode_hr.acc_seg: 48.2559
07/04 14:14:49 - mmengine - INFO - Iter(train) [  250/40000]  base_lr: 9.9440e-05 lr: 9.9440e-05  eta: 6:15:01  time: 0.5218  data_time: 0.0122  memory: 6801  loss: 2.4914  decode_lr.loss_ce: 0.6672  decode_lr.acc_seg: 87.6639  decode_hr.loss_ce: 1.8242  decode_hr.acc_seg: 99.9971
07/04 14:15:17 - mmengine - INFO - Iter(train) [  300/40000]  base_lr: 9.9327e-05 lr: 9.9327e-05  eta: 6:12:42  time: 0.5230  data_time: 0.0130  memory: 6801  loss: 2.4095  decode_lr.loss_ce: 0.5772  decode_lr.acc_seg: 84.6139  decode_hr.loss_ce: 1.8323  decode_hr.acc_seg: 86.7251
07/04 14:15:45 - mmengine - INFO - Iter(train) [  350/40000]  base_lr: 9.9214e-05 lr: 9.9214e-05  eta: 6:12:56  time: 0.5220  data_time: 0.0129  memory: 6801  loss: 2.4512  decode_lr.loss_ce: 0.6588  decode_lr.acc_seg: 78.2315  decode_hr.loss_ce: 1.7924  decode_hr.acc_seg: 41.2140
07/04 14:16:13 - mmengine - INFO - Iter(train) [  400/40000]  base_lr: 9.9102e-05 lr: 9.9102e-05  eta: 6:11:14  time: 0.5232  data_time: 0.0130  memory: 6801  loss: 2.2184  decode_lr.loss_ce: 0.7564  decode_lr.acc_seg: 76.8220  decode_hr.loss_ce: 1.4620  decode_hr.acc_seg: 82.3652
07/04 14:16:40 - mmengine - INFO - Iter(train) [  450/40000]  base_lr: 9.8989e-05 lr: 9.8989e-05  eta: 6:09:49  time: 0.5235  data_time: 0.0130  memory: 6801  loss: 1.8596  decode_lr.loss_ce: 0.5505  decode_lr.acc_seg: 89.4196  decode_hr.loss_ce: 1.3092  decode_hr.acc_seg: 83.6251
07/04 14:17:09 - mmengine - INFO - Iter(train) [  500/40000]  base_lr: 9.8877e-05 lr: 9.8877e-05  eta: 6:10:22  time: 0.5240  data_time: 0.0131  memory: 6801  loss: 2.1565  decode_lr.loss_ce: 0.4761  decode_lr.acc_seg: 85.7218  decode_hr.loss_ce: 1.6804  decode_hr.acc_seg: 58.8880
07/04 14:17:36 - mmengine - INFO - Iter(train) [  550/40000]  base_lr: 9.8764e-05 lr: 9.8764e-05  eta: 6:09:05  time: 0.5212  data_time: 0.0121  memory: 6801  loss: 2.1660  decode_lr.loss_ce: 0.5287  decode_lr.acc_seg: 61.6756  decode_hr.loss_ce: 1.6373  decode_hr.acc_seg: 1.1362
07/04 14:18:04 - mmengine - INFO - Iter(train) [  600/40000]  base_lr: 9.8651e-05 lr: 9.8651e-05  eta: 6:07:52  time: 0.5215  data_time: 0.0121  memory: 6801  loss: 2.0384  decode_lr.loss_ce: 0.4748  decode_lr.acc_seg: 88.7884  decode_hr.loss_ce: 1.5636  decode_hr.acc_seg: 34.6773
07/04 14:18:33 - mmengine - INFO - Iter(train) [  650/40000]  base_lr: 9.8539e-05 lr: 9.8539e-05  eta: 6:08:08  time: 0.5216  data_time: 0.0121  memory: 6801  loss: 2.3659  decode_lr.loss_ce: 0.6512  decode_lr.acc_seg: 85.8482  decode_hr.loss_ce: 1.7148  decode_hr.acc_seg: 70.5695
07/04 14:19:00 - mmengine - INFO - Iter(train) [  700/40000]  base_lr: 9.8426e-05 lr: 9.8426e-05  eta: 6:07:08  time: 0.5237  data_time: 0.0130  memory: 6801  loss: 2.1200  decode_lr.loss_ce: 0.4045  decode_lr.acc_seg: 88.3615  decode_hr.loss_ce: 1.7156  decode_hr.acc_seg: 52.6537
07/04 14:19:27 - mmengine - INFO - Iter(train) [  750/40000]  base_lr: 9.8313e-05 lr: 9.8313e-05  eta: 6:06:08  time: 0.5218  data_time: 0.0122  memory: 6801  loss: 2.0453  decode_lr.loss_ce: 0.4713  decode_lr.acc_seg: 88.9666  decode_hr.loss_ce: 1.5740  decode_hr.acc_seg: 78.6623
07/04 14:19:56 - mmengine - INFO - Iter(train) [  800/40000]  base_lr: 9.8200e-05 lr: 9.8200e-05  eta: 6:06:15  time: 0.5235  data_time: 0.0128  memory: 6801  loss: 1.8173  decode_lr.loss_ce: 0.4192  decode_lr.acc_seg: 83.0256  decode_hr.loss_ce: 1.3981  decode_hr.acc_seg: 48.4485
07/04 14:20:24 - mmengine - INFO - Iter(train) [  850/40000]  base_lr: 9.8088e-05 lr: 9.8088e-05  eta: 6:05:21  time: 0.5229  data_time: 0.0126  memory: 6801  loss: 1.7509  decode_lr.loss_ce: 0.3793  decode_lr.acc_seg: 91.6360  decode_hr.loss_ce: 1.3716  decode_hr.acc_seg: 59.1047
07/04 14:20:51 - mmengine - INFO - Iter(train) [  900/40000]  base_lr: 9.7975e-05 lr: 9.7975e-05  eta: 6:04:30  time: 0.5227  data_time: 0.0126  memory: 6801  loss: 2.0788  decode_lr.loss_ce: 0.3969  decode_lr.acc_seg: 85.9664  decode_hr.loss_ce: 1.6819  decode_hr.acc_seg: 8.3215
07/04 14:21:20 - mmengine - INFO - Iter(train) [  950/40000]  base_lr: 9.7862e-05 lr: 9.7862e-05  eta: 6:04:36  time: 0.5238  data_time: 0.0133  memory: 6801  loss: 1.6717  decode_lr.loss_ce: 0.3217  decode_lr.acc_seg: 92.4231  decode_hr.loss_ce: 1.3501  decode_hr.acc_seg: 42.7272
07/04 14:21:47 - mmengine - INFO - Exp name: dg_lora_dinov2_ms_1024x1024_20240704_141211
07/04 14:21:47 - mmengine - INFO - Iter(train) [ 1000/40000]  base_lr: 9.7749e-05 lr: 9.7749e-05  eta: 6:03:46  time: 0.5216  data_time: 0.0125  memory: 6801  loss: 1.8419  decode_lr.loss_ce: 0.3984  decode_lr.acc_seg: 89.0991  decode_hr.loss_ce: 1.4436  decode_hr.acc_seg: 57.3700
07/04 14:22:16 - mmengine - INFO - Iter(train) [ 1050/40000]  base_lr: 9.7637e-05 lr: 9.7637e-05  eta: 6:03:34  time: 0.6214  data_time: 0.0112  memory: 6801  loss: 1.4725  decode_lr.loss_ce: 0.3400  decode_lr.acc_seg: 91.0206  decode_hr.loss_ce: 1.1325  decode_hr.acc_seg: 24.7247
07/04 14:22:43 - mmengine - INFO - Iter(train) [ 1100/40000]  base_lr: 9.7524e-05 lr: 9.7524e-05  eta: 6:02:41  time: 0.5205  data_time: 0.0117  memory: 6801  loss: 1.6028  decode_lr.loss_ce: 0.3481  decode_lr.acc_seg: 84.5361  decode_hr.loss_ce: 1.2547  decode_hr.acc_seg: 56.6769
07/04 14:23:10 - mmengine - INFO - Iter(train) [ 1150/40000]  base_lr: 9.7411e-05 lr: 9.7411e-05  eta: 6:01:53  time: 0.5216  data_time: 0.0123  memory: 6801  loss: 1.7742  decode_lr.loss_ce: 0.3912  decode_lr.acc_seg: 90.9302  decode_hr.loss_ce: 1.3830  decode_hr.acc_seg: 11.0877
07/04 14:23:39 - mmengine - INFO - Iter(train) [ 1200/40000]  base_lr: 9.7298e-05 lr: 9.7298e-05  eta: 6:01:47  time: 0.5230  data_time: 0.0123  memory: 6801  loss: 1.9686  decode_lr.loss_ce: 0.4022  decode_lr.acc_seg: 92.8230  decode_hr.loss_ce: 1.5664  decode_hr.acc_seg: 63.4145
07/04 14:24:06 - mmengine - INFO - Iter(train) [ 1250/40000]  base_lr: 9.7185e-05 lr: 9.7185e-05  eta: 6:01:01  time: 0.5218  data_time: 0.0125  memory: 6801  loss: 1.5422  decode_lr.loss_ce: 0.3095  decode_lr.acc_seg: 91.0163  decode_hr.loss_ce: 1.2327  decode_hr.acc_seg: 74.1334
07/04 14:24:34 - mmengine - INFO - Iter(train) [ 1300/40000]  base_lr: 9.7072e-05 lr: 9.7072e-05  eta: 6:00:18  time: 0.5211  data_time: 0.0116  memory: 6801  loss: 1.6064  decode_lr.loss_ce: 0.3154  decode_lr.acc_seg: 92.4736  decode_hr.loss_ce: 1.2910  decode_hr.acc_seg: 66.6726
07/04 14:25:02 - mmengine - INFO - Iter(train) [ 1350/40000]  base_lr: 9.6959e-05 lr: 9.6959e-05  eta: 6:00:09  time: 0.5205  data_time: 0.0113  memory: 6801  loss: 1.5279  decode_lr.loss_ce: 0.2705  decode_lr.acc_seg: 90.5954  decode_hr.loss_ce: 1.2574  decode_hr.acc_seg: 70.8422
07/04 14:25:30 - mmengine - INFO - Iter(train) [ 1400/40000]  base_lr: 9.6847e-05 lr: 9.6847e-05  eta: 5:59:27  time: 0.5233  data_time: 0.0126  memory: 6801  loss: 1.4887  decode_lr.loss_ce: 0.3221  decode_lr.acc_seg: 92.6257  decode_hr.loss_ce: 1.1666  decode_hr.acc_seg: 38.6197
07/04 14:25:57 - mmengine - INFO - Iter(train) [ 1450/40000]  base_lr: 9.6734e-05 lr: 9.6734e-05  eta: 5:58:46  time: 0.5232  data_time: 0.0130  memory: 6801  loss: 2.1828  decode_lr.loss_ce: 0.5413  decode_lr.acc_seg: 92.3960  decode_hr.loss_ce: 1.6415  decode_hr.acc_seg: 52.5488
07/04 14:26:26 - mmengine - INFO - Iter(train) [ 1500/40000]  base_lr: 9.6621e-05 lr: 9.6621e-05  eta: 5:58:33  time: 0.5223  data_time: 0.0127  memory: 6801  loss: 1.3375  decode_lr.loss_ce: 0.2797  decode_lr.acc_seg: 93.4405  decode_hr.loss_ce: 1.0577  decode_hr.acc_seg: 61.6838
07/04 14:26:53 - mmengine - INFO - Iter(train) [ 1550/40000]  base_lr: 9.6508e-05 lr: 9.6508e-05  eta: 5:57:53  time: 0.5236  data_time: 0.0133  memory: 6801  loss: 1.3701  decode_lr.loss_ce: 0.2770  decode_lr.acc_seg: 93.6568  decode_hr.loss_ce: 1.0930  decode_hr.acc_seg: 72.6188
07/04 14:27:21 - mmengine - INFO - Iter(train) [ 1600/40000]  base_lr: 9.6395e-05 lr: 9.6395e-05  eta: 5:57:14  time: 0.5225  data_time: 0.0129  memory: 6801  loss: 1.0951  decode_lr.loss_ce: 0.2515  decode_lr.acc_seg: 93.0633  decode_hr.loss_ce: 0.8436  decode_hr.acc_seg: 64.1409
07/04 14:27:49 - mmengine - INFO - Iter(train) [ 1650/40000]  base_lr: 9.6282e-05 lr: 9.6282e-05  eta: 5:57:02  time: 0.5217  data_time: 0.0120  memory: 6801  loss: 1.5074  decode_lr.loss_ce: 0.2881  decode_lr.acc_seg: 93.6616  decode_hr.loss_ce: 1.2193  decode_hr.acc_seg: 93.6204
07/04 14:28:17 - mmengine - INFO - Iter(train) [ 1700/40000]  base_lr: 9.6169e-05 lr: 9.6169e-05  eta: 5:56:22  time: 0.5213  data_time: 0.0115  memory: 6801  loss: 1.4401  decode_lr.loss_ce: 0.2772  decode_lr.acc_seg: 92.8206  decode_hr.loss_ce: 1.1629  decode_hr.acc_seg: 56.8217
07/04 14:28:44 - mmengine - INFO - Iter(train) [ 1750/40000]  base_lr: 9.6056e-05 lr: 9.6056e-05  eta: 5:55:43  time: 0.5210  data_time: 0.0115  memory: 6801  loss: 1.5202  decode_lr.loss_ce: 0.3475  decode_lr.acc_seg: 88.7206  decode_hr.loss_ce: 1.1726  decode_hr.acc_seg: 64.6204
07/04 14:29:13 - mmengine - INFO - Iter(train) [ 1800/40000]  base_lr: 9.5943e-05 lr: 9.5943e-05  eta: 5:55:31  time: 0.5218  data_time: 0.0118  memory: 6801  loss: 1.4264  decode_lr.loss_ce: 0.2868  decode_lr.acc_seg: 87.7253  decode_hr.loss_ce: 1.1395  decode_hr.acc_seg: 40.4520
07/04 14:29:40 - mmengine - INFO - Iter(train) [ 1850/40000]  base_lr: 9.5830e-05 lr: 9.5830e-05  eta: 5:54:52  time: 0.5214  data_time: 0.0122  memory: 6801  loss: 1.2491  decode_lr.loss_ce: 0.2777  decode_lr.acc_seg: 89.2930  decode_hr.loss_ce: 0.9714  decode_hr.acc_seg: 71.4424
07/04 14:30:09 - mmengine - INFO - Iter(train) [ 1900/40000]  base_lr: 9.5717e-05 lr: 9.5717e-05  eta: 5:54:34  time: 0.5228  data_time: 0.0129  memory: 6801  loss: 1.3867  decode_lr.loss_ce: 0.2493  decode_lr.acc_seg: 93.1907  decode_hr.loss_ce: 1.1374  decode_hr.acc_seg: 31.5977
07/04 14:30:36 - mmengine - INFO - Iter(train) [ 1950/40000]  base_lr: 9.5604e-05 lr: 9.5604e-05  eta: 5:53:57  time: 0.5233  data_time: 0.0122  memory: 6801  loss: 1.6104  decode_lr.loss_ce: 0.3134  decode_lr.acc_seg: 90.3888  decode_hr.loss_ce: 1.2969  decode_hr.acc_seg: 59.0682
07/04 14:31:04 - mmengine - INFO - Exp name: dg_lora_dinov2_ms_1024x1024_20240704_141211
07/04 14:31:04 - mmengine - INFO - Iter(train) [ 2000/40000]  base_lr: 9.5491e-05 lr: 9.5491e-05  eta: 5:53:21  time: 0.5223  data_time: 0.0123  memory: 6801  loss: 1.5378  decode_lr.loss_ce: 0.2468  decode_lr.acc_seg: 93.5049  decode_hr.loss_ce: 1.2910  decode_hr.acc_seg: 74.4425
07/04 14:31:32 - mmengine - INFO - Iter(train) [ 2050/40000]  base_lr: 9.5378e-05 lr: 9.5378e-05  eta: 5:53:08  time: 0.5229  data_time: 0.0125  memory: 6801  loss: 1.6378  decode_lr.loss_ce: 0.4077  decode_lr.acc_seg: 92.8825  decode_hr.loss_ce: 1.2301  decode_hr.acc_seg: 80.7197
07/04 14:32:00 - mmengine - INFO - Iter(train) [ 2100/40000]  base_lr: 9.5264e-05 lr: 9.5264e-05  eta: 5:52:31  time: 0.5208  data_time: 0.0113  memory: 6801  loss: 1.9138  decode_lr.loss_ce: 0.3680  decode_lr.acc_seg: 92.5567  decode_hr.loss_ce: 1.5458  decode_hr.acc_seg: 55.3831
07/04 14:32:27 - mmengine - INFO - Iter(train) [ 2150/40000]  base_lr: 9.5151e-05 lr: 9.5151e-05  eta: 5:51:54  time: 0.5223  data_time: 0.0127  memory: 6801  loss: 1.3043  decode_lr.loss_ce: 0.2665  decode_lr.acc_seg: 87.1422  decode_hr.loss_ce: 1.0378  decode_hr.acc_seg: 66.1099
07/04 14:32:56 - mmengine - INFO - Iter(train) [ 2200/40000]  base_lr: 9.5038e-05 lr: 9.5038e-05  eta: 5:51:42  time: 0.5218  data_time: 0.0123  memory: 6801  loss: 1.0347  decode_lr.loss_ce: 0.2246  decode_lr.acc_seg: 92.7857  decode_hr.loss_ce: 0.8101  decode_hr.acc_seg: 93.4970
07/04 14:33:23 - mmengine - INFO - Iter(train) [ 2250/40000]  base_lr: 9.4925e-05 lr: 9.4925e-05  eta: 5:51:06  time: 0.5221  data_time: 0.0124  memory: 6801  loss: 1.2919  decode_lr.loss_ce: 0.2402  decode_lr.acc_seg: 93.7705  decode_hr.loss_ce: 1.0517  decode_hr.acc_seg: 24.9628
07/04 14:33:51 - mmengine - INFO - Iter(train) [ 2300/40000]  base_lr: 9.4812e-05 lr: 9.4812e-05  eta: 5:50:30  time: 0.5230  data_time: 0.0126  memory: 6801  loss: 1.2288  decode_lr.loss_ce: 0.2376  decode_lr.acc_seg: 94.6792  decode_hr.loss_ce: 0.9912  decode_hr.acc_seg: 79.9226
07/04 14:34:19 - mmengine - INFO - Iter(train) [ 2350/40000]  base_lr: 9.4699e-05 lr: 9.4699e-05  eta: 5:50:13  time: 0.5223  data_time: 0.0124  memory: 6801  loss: 1.4394  decode_lr.loss_ce: 0.2879  decode_lr.acc_seg: 92.6494  decode_hr.loss_ce: 1.1515  decode_hr.acc_seg: 62.6744
07/04 14:34:47 - mmengine - INFO - Iter(train) [ 2400/40000]  base_lr: 9.4586e-05 lr: 9.4586e-05  eta: 5:49:37  time: 0.5217  data_time: 0.0125  memory: 6801  loss: 1.4031  decode_lr.loss_ce: 0.2507  decode_lr.acc_seg: 89.2553  decode_hr.loss_ce: 1.1524  decode_hr.acc_seg: 40.9200
07/04 14:35:14 - mmengine - INFO - Iter(train) [ 2450/40000]  base_lr: 9.4472e-05 lr: 9.4472e-05  eta: 5:49:02  time: 0.5212  data_time: 0.0121  memory: 6801  loss: 1.6380  decode_lr.loss_ce: 0.2934  decode_lr.acc_seg: 93.0110  decode_hr.loss_ce: 1.3445  decode_hr.acc_seg: 41.2430
07/04 14:35:43 - mmengine - INFO - Iter(train) [ 2500/40000]  base_lr: 9.4359e-05 lr: 9.4359e-05  eta: 5:48:43  time: 0.5224  data_time: 0.0124  memory: 6801  loss: 1.2768  decode_lr.loss_ce: 0.3906  decode_lr.acc_seg: 93.9549  decode_hr.loss_ce: 0.8862  decode_hr.acc_seg: 85.8760
07/04 14:36:10 - mmengine - INFO - Iter(train) [ 2550/40000]  base_lr: 9.4246e-05 lr: 9.4246e-05  eta: 5:48:09  time: 0.5225  data_time: 0.0123  memory: 6801  loss: 1.3611  decode_lr.loss_ce: 0.2706  decode_lr.acc_seg: 91.5019  decode_hr.loss_ce: 1.0905  decode_hr.acc_seg: 54.2217
07/04 14:36:38 - mmengine - INFO - Iter(train) [ 2600/40000]  base_lr: 9.4133e-05 lr: 9.4133e-05  eta: 5:47:35  time: 0.5219  data_time: 0.0119  memory: 6801  loss: 1.3273  decode_lr.loss_ce: 0.2284  decode_lr.acc_seg: 94.6603  decode_hr.loss_ce: 1.0989  decode_hr.acc_seg: 84.5171
07/04 14:37:06 - mmengine - INFO - Iter(train) [ 2650/40000]  base_lr: 9.4019e-05 lr: 9.4019e-05  eta: 5:47:20  time: 0.5232  data_time: 0.0126  memory: 6801  loss: 1.3237  decode_lr.loss_ce: 0.2029  decode_lr.acc_seg: 92.7295  decode_hr.loss_ce: 1.1208  decode_hr.acc_seg: 92.2255
07/04 14:37:34 - mmengine - INFO - Iter(train) [ 2700/40000]  base_lr: 9.3906e-05 lr: 9.3906e-05  eta: 5:46:46  time: 0.5229  data_time: 0.0123  memory: 6801  loss: 1.4198  decode_lr.loss_ce: 0.2913  decode_lr.acc_seg: 91.2502  decode_hr.loss_ce: 1.1285  decode_hr.acc_seg: 81.2323
07/04 14:38:02 - mmengine - INFO - Iter(train) [ 2750/40000]  base_lr: 9.3793e-05 lr: 9.3793e-05  eta: 5:46:25  time: 0.5221  data_time: 0.0118  memory: 6801  loss: 1.6452  decode_lr.loss_ce: 0.3662  decode_lr.acc_seg: 84.6770  decode_hr.loss_ce: 1.2789  decode_hr.acc_seg: 47.8933
07/04 14:38:30 - mmengine - INFO - Iter(train) [ 2800/40000]  base_lr: 9.3679e-05 lr: 9.3679e-05  eta: 5:45:50  time: 0.5206  data_time: 0.0112  memory: 6801  loss: 1.3916  decode_lr.loss_ce: 0.2176  decode_lr.acc_seg: 92.7036  decode_hr.loss_ce: 1.1740  decode_hr.acc_seg: 63.6171
07/04 14:38:57 - mmengine - INFO - Iter(train) [ 2850/40000]  base_lr: 9.3566e-05 lr: 9.3566e-05  eta: 5:45:15  time: 0.5212  data_time: 0.0111  memory: 6801  loss: 1.3488  decode_lr.loss_ce: 0.2363  decode_lr.acc_seg: 86.3333  decode_hr.loss_ce: 1.1126  decode_hr.acc_seg: 71.4869
07/04 14:39:26 - mmengine - INFO - Iter(train) [ 2900/40000]  base_lr: 9.3453e-05 lr: 9.3453e-05  eta: 5:44:58  time: 0.5228  data_time: 0.0122  memory: 6801  loss: 1.2835  decode_lr.loss_ce: 0.2264  decode_lr.acc_seg: 93.1615  decode_hr.loss_ce: 1.0571  decode_hr.acc_seg: 88.3803
07/04 14:39:53 - mmengine - INFO - Iter(train) [ 2950/40000]  base_lr: 9.3339e-05 lr: 9.3339e-05  eta: 5:44:23  time: 0.5222  data_time: 0.0124  memory: 6801  loss: 1.1784  decode_lr.loss_ce: 0.2052  decode_lr.acc_seg: 92.3956  decode_hr.loss_ce: 0.9733  decode_hr.acc_seg: 100.0000
07/04 14:40:20 - mmengine - INFO - Exp name: dg_lora_dinov2_ms_1024x1024_20240704_141211
07/04 14:40:20 - mmengine - INFO - Iter(train) [ 3000/40000]  base_lr: 9.3226e-05 lr: 9.3226e-05  eta: 5:43:49  time: 0.5211  data_time: 0.0112  memory: 6801  loss: 1.1052  decode_lr.loss_ce: 0.2049  decode_lr.acc_seg: 94.7414  decode_hr.loss_ce: 0.9004  decode_hr.acc_seg: 54.7018
07/04 14:40:49 - mmengine - INFO - Iter(train) [ 3050/40000]  base_lr: 9.3113e-05 lr: 9.3113e-05  eta: 5:43:31  time: 0.5223  data_time: 0.0119  memory: 6801  loss: 1.4118  decode_lr.loss_ce: 0.3243  decode_lr.acc_seg: 94.6080  decode_hr.loss_ce: 1.0875  decode_hr.acc_seg: 62.8617
07/04 14:41:16 - mmengine - INFO - Iter(train) [ 3100/40000]  base_lr: 9.2999e-05 lr: 9.2999e-05  eta: 5:42:57  time: 0.5216  data_time: 0.0115  memory: 6801  loss: 1.2534  decode_lr.loss_ce: 0.2248  decode_lr.acc_seg: 93.9076  decode_hr.loss_ce: 1.0286  decode_hr.acc_seg: 89.6346
07/04 14:41:44 - mmengine - INFO - Iter(train) [ 3150/40000]  base_lr: 9.2886e-05 lr: 9.2886e-05  eta: 5:42:25  time: 0.5232  data_time: 0.0123  memory: 6801  loss: 1.2854  decode_lr.loss_ce: 0.2189  decode_lr.acc_seg: 91.5637  decode_hr.loss_ce: 1.0665  decode_hr.acc_seg: 75.9477
07/04 14:42:13 - mmengine - INFO - Iter(train) [ 3200/40000]  base_lr: 9.2772e-05 lr: 9.2772e-05  eta: 5:42:08  time: 0.5236  data_time: 0.0132  memory: 6801  loss: 1.3082  decode_lr.loss_ce: 0.2123  decode_lr.acc_seg: 90.7136  decode_hr.loss_ce: 1.0959  decode_hr.acc_seg: 62.1259
07/04 14:42:40 - mmengine - INFO - Iter(train) [ 3250/40000]  base_lr: 9.2659e-05 lr: 9.2659e-05  eta: 5:41:35  time: 0.5227  data_time: 0.0127  memory: 6801  loss: 1.1977  decode_lr.loss_ce: 0.2140  decode_lr.acc_seg: 95.0147  decode_hr.loss_ce: 0.9837  decode_hr.acc_seg: 56.9521
07/04 14:43:08 - mmengine - INFO - Iter(train) [ 3300/40000]  base_lr: 9.2545e-05 lr: 9.2545e-05  eta: 5:41:02  time: 0.5227  data_time: 0.0125  memory: 6801  loss: 1.2169  decode_lr.loss_ce: 0.1867  decode_lr.acc_seg: 94.5359  decode_hr.loss_ce: 1.0301  decode_hr.acc_seg: 75.5051
07/04 14:43:36 - mmengine - INFO - Iter(train) [ 3350/40000]  base_lr: 9.2432e-05 lr: 9.2432e-05  eta: 5:40:43  time: 0.5224  data_time: 0.0123  memory: 6801  loss: 1.2641  decode_lr.loss_ce: 0.2484  decode_lr.acc_seg: 94.4222  decode_hr.loss_ce: 1.0157  decode_hr.acc_seg: 54.6023
07/04 14:44:04 - mmengine - INFO - Iter(train) [ 3400/40000]  base_lr: 9.2319e-05 lr: 9.2319e-05  eta: 5:40:11  time: 0.5219  data_time: 0.0117  memory: 6801  loss: 1.0549  decode_lr.loss_ce: 0.2013  decode_lr.acc_seg: 87.5101  decode_hr.loss_ce: 0.8536  decode_hr.acc_seg: 68.9563
07/04 14:44:31 - mmengine - INFO - Iter(train) [ 3450/40000]  base_lr: 9.2205e-05 lr: 9.2205e-05  eta: 5:39:38  time: 0.5229  data_time: 0.0126  memory: 6801  loss: 1.4233  decode_lr.loss_ce: 0.2810  decode_lr.acc_seg: 63.2145  decode_hr.loss_ce: 1.1423  decode_hr.acc_seg: 31.1752
07/04 14:45:00 - mmengine - INFO - Iter(train) [ 3500/40000]  base_lr: 9.2091e-05 lr: 9.2091e-05  eta: 5:39:19  time: 0.5212  data_time: 0.0116  memory: 6801  loss: 0.8732  decode_lr.loss_ce: 0.1834  decode_lr.acc_seg: 93.6895  decode_hr.loss_ce: 0.6898  decode_hr.acc_seg: 96.1777
07/04 14:45:27 - mmengine - INFO - Iter(train) [ 3550/40000]  base_lr: 9.1978e-05 lr: 9.1978e-05  eta: 5:38:46  time: 0.5214  data_time: 0.0119  memory: 6801  loss: 1.0787  decode_lr.loss_ce: 0.2250  decode_lr.acc_seg: 92.4358  decode_hr.loss_ce: 0.8536  decode_hr.acc_seg: 75.4573
07/04 14:45:55 - mmengine - INFO - Iter(train) [ 3600/40000]  base_lr: 9.1864e-05 lr: 9.1864e-05  eta: 5:38:14  time: 0.5222  data_time: 0.0126  memory: 6801  loss: 1.0760  decode_lr.loss_ce: 0.1877  decode_lr.acc_seg: 93.1564  decode_hr.loss_ce: 0.8883  decode_hr.acc_seg: 86.2176
07/04 14:46:23 - mmengine - INFO - Iter(train) [ 3650/40000]  base_lr: 9.1751e-05 lr: 9.1751e-05  eta: 5:37:54  time: 0.5209  data_time: 0.0120  memory: 6801  loss: 1.1897  decode_lr.loss_ce: 0.2161  decode_lr.acc_seg: 91.4310  decode_hr.loss_ce: 0.9736  decode_hr.acc_seg: 75.3402
07/04 14:46:51 - mmengine - INFO - Iter(train) [ 3700/40000]  base_lr: 9.1637e-05 lr: 9.1637e-05  eta: 5:37:21  time: 0.5216  data_time: 0.0120  memory: 6801  loss: 1.2476  decode_lr.loss_ce: 0.1808  decode_lr.acc_seg: 95.9932  decode_hr.loss_ce: 1.0668  decode_hr.acc_seg: 84.9002
07/04 14:47:19 - mmengine - INFO - Iter(train) [ 3750/40000]  base_lr: 9.1524e-05 lr: 9.1524e-05  eta: 5:36:54  time: 0.5213  data_time: 0.0121  memory: 6801  loss: 0.9361  decode_lr.loss_ce: 0.2008  decode_lr.acc_seg: 89.9066  decode_hr.loss_ce: 0.7354  decode_hr.acc_seg: 52.5377
07/04 14:47:46 - mmengine - INFO - Iter(train) [ 3800/40000]  base_lr: 9.1410e-05 lr: 9.1410e-05  eta: 5:36:21  time: 0.5225  data_time: 0.0118  memory: 6801  loss: 1.0629  decode_lr.loss_ce: 0.2623  decode_lr.acc_seg: 93.3166  decode_hr.loss_ce: 0.8006  decode_hr.acc_seg: 86.3966
07/04 14:48:14 - mmengine - INFO - Iter(train) [ 3850/40000]  base_lr: 9.1296e-05 lr: 9.1296e-05  eta: 5:35:49  time: 0.5235  data_time: 0.0120  memory: 6801  loss: 1.3136  decode_lr.loss_ce: 0.2270  decode_lr.acc_seg: 92.5534  decode_hr.loss_ce: 1.0866  decode_hr.acc_seg: 96.3331
07/04 14:48:42 - mmengine - INFO - Iter(train) [ 3900/40000]  base_lr: 9.1183e-05 lr: 9.1183e-05  eta: 5:35:28  time: 0.5207  data_time: 0.0114  memory: 6801  loss: 1.1476  decode_lr.loss_ce: 0.2085  decode_lr.acc_seg: 94.9947  decode_hr.loss_ce: 0.9391  decode_hr.acc_seg: 78.4439
07/04 14:49:10 - mmengine - INFO - Iter(train) [ 3950/40000]  base_lr: 9.1069e-05 lr: 9.1069e-05  eta: 5:34:56  time: 0.5211  data_time: 0.0119  memory: 6801  loss: 1.2225  decode_lr.loss_ce: 0.2060  decode_lr.acc_seg: 89.2839  decode_hr.loss_ce: 1.0166  decode_hr.acc_seg: 71.7219
07/04 14:49:37 - mmengine - INFO - Exp name: dg_lora_dinov2_ms_1024x1024_20240704_141211
07/04 14:49:37 - mmengine - INFO - Iter(train) [ 4000/40000]  base_lr: 9.0955e-05 lr: 9.0955e-05  eta: 5:34:23  time: 0.5212  data_time: 0.0116  memory: 6801  loss: 0.8631  decode_lr.loss_ce: 0.1686  decode_lr.acc_seg: 92.0349  decode_hr.loss_ce: 0.6946  decode_hr.acc_seg: 84.8846
07/04 14:50:06 - mmengine - INFO - Iter(train) [ 4050/40000]  base_lr: 9.0842e-05 lr: 9.0842e-05  eta: 5:34:03  time: 0.5219  data_time: 0.0121  memory: 6801  loss: 1.0475  decode_lr.loss_ce: 0.2203  decode_lr.acc_seg: 95.3940  decode_hr.loss_ce: 0.8271  decode_hr.acc_seg: 77.9291
07/04 14:50:33 - mmengine - INFO - Iter(train) [ 4100/40000]  base_lr: 9.0728e-05 lr: 9.0728e-05  eta: 5:33:30  time: 0.5214  data_time: 0.0118  memory: 6801  loss: 1.1969  decode_lr.loss_ce: 0.2418  decode_lr.acc_seg: 91.1559  decode_hr.loss_ce: 0.9551  decode_hr.acc_seg: 66.8947
07/04 14:51:00 - mmengine - INFO - Iter(train) [ 4150/40000]  base_lr: 9.0614e-05 lr: 9.0614e-05  eta: 5:32:59  time: 0.5225  data_time: 0.0124  memory: 6801  loss: 1.0699  decode_lr.loss_ce: 0.2027  decode_lr.acc_seg: 93.8554  decode_hr.loss_ce: 0.8673  decode_hr.acc_seg: 75.8549
07/04 14:51:29 - mmengine - INFO - Iter(train) [ 4200/40000]  base_lr: 9.0500e-05 lr: 9.0500e-05  eta: 5:32:38  time: 0.5203  data_time: 0.0115  memory: 6801  loss: 1.2106  decode_lr.loss_ce: 0.1937  decode_lr.acc_seg: 91.0225  decode_hr.loss_ce: 1.0169  decode_hr.acc_seg: 67.8154
07/04 14:51:57 - mmengine - INFO - Iter(train) [ 4250/40000]  base_lr: 9.0387e-05 lr: 9.0387e-05  eta: 5:32:05  time: 0.5214  data_time: 0.0124  memory: 6801  loss: 1.0545  decode_lr.loss_ce: 0.1952  decode_lr.acc_seg: 95.7399  decode_hr.loss_ce: 0.8593  decode_hr.acc_seg: 86.8108
07/04 14:52:24 - mmengine - INFO - Iter(train) [ 4300/40000]  base_lr: 9.0273e-05 lr: 9.0273e-05  eta: 5:31:34  time: 0.5211  data_time: 0.0118  memory: 6801  loss: 1.3039  decode_lr.loss_ce: 0.2828  decode_lr.acc_seg: 93.0456  decode_hr.loss_ce: 1.0211  decode_hr.acc_seg: 54.9717
07/04 14:52:53 - mmengine - INFO - Iter(train) [ 4350/40000]  base_lr: 9.0159e-05 lr: 9.0159e-05  eta: 5:31:13  time: 0.5217  data_time: 0.0119  memory: 6801  loss: 0.8276  decode_lr.loss_ce: 0.1454  decode_lr.acc_seg: 96.3276  decode_hr.loss_ce: 0.6822  decode_hr.acc_seg: 93.2201
07/04 14:53:20 - mmengine - INFO - Iter(train) [ 4400/40000]  base_lr: 9.0045e-05 lr: 9.0045e-05  eta: 5:30:41  time: 0.5235  data_time: 0.0126  memory: 6801  loss: 1.0891  decode_lr.loss_ce: 0.1833  decode_lr.acc_seg: 93.5305  decode_hr.loss_ce: 0.9059  decode_hr.acc_seg: 80.2887
07/04 14:53:48 - mmengine - INFO - Iter(train) [ 4450/40000]  base_lr: 8.9931e-05 lr: 8.9931e-05  eta: 5:30:10  time: 0.5207  data_time: 0.0110  memory: 6801  loss: 1.2306  decode_lr.loss_ce: 0.2885  decode_lr.acc_seg: 96.3176  decode_hr.loss_ce: 0.9421  decode_hr.acc_seg: 89.4767
Traceback (most recent call last):
  File "/data3/tangpeiyuan/code/Rein-train/train.py", line 4, in <module>
    main()
  File "/data3/tangpeiyuan/code/Rein-train/tools/train.py", line 121, in main
    runner.train()
  File "/root/miniconda3/lib/python3.10/site-packages/mmengine/runner/runner.py", line 1777, in train
    model = self.train_loop.run()  # type: ignore
  File "/root/miniconda3/lib/python3.10/site-packages/mmengine/runner/loops.py", line 286, in run
    data_batch = next(self.dataloader_iterator)
  File "/root/miniconda3/lib/python3.10/site-packages/mmengine/runner/loops.py", line 165, in __next__
    data = next(self._iterator)
  File "/root/miniconda3/lib/python3.10/site-packages/torch/utils/data/dataloader.py", line 630, in __next__
    data = self._next_data()
  File "/root/miniconda3/lib/python3.10/site-packages/torch/utils/data/dataloader.py", line 1345, in _next_data
    return self._process_data(data)
  File "/root/miniconda3/lib/python3.10/site-packages/torch/utils/data/dataloader.py", line 1371, in _process_data
    data.reraise()
  File "/root/miniconda3/lib/python3.10/site-packages/torch/_utils.py", line 694, in reraise
    raise exception
FileNotFoundError: Caught FileNotFoundError in DataLoader worker process 0.
Original Traceback (most recent call last):
  File "/root/miniconda3/lib/python3.10/site-packages/torch/utils/data/_utils/worker.py", line 308, in _worker_loop
    data = fetcher.fetch(index)
  File "/root/miniconda3/lib/python3.10/site-packages/torch/utils/data/_utils/fetch.py", line 51, in fetch
    data = [self.dataset[idx] for idx in possibly_batched_index]
  File "/root/miniconda3/lib/python3.10/site-packages/torch/utils/data/_utils/fetch.py", line 51, in <listcomp>
    data = [self.dataset[idx] for idx in possibly_batched_index]
  File "/data3/tangpeiyuan/code/Rein-train/rein/datasets/uda_dataset.py", line 105, in __getitem__
    return self.get_rare_class_sample()
  File "/data3/tangpeiyuan/code/Rein-train/rein/datasets/uda_dataset.py", line 100, in get_rare_class_sample
    s1 = self.source[i1]
  File "/root/miniconda3/lib/python3.10/site-packages/mmengine/dataset/base_dataset.py", line 410, in __getitem__
    data = self.prepare_data(idx)
  File "/root/miniconda3/lib/python3.10/site-packages/mmengine/dataset/base_dataset.py", line 793, in prepare_data
    return self.pipeline(data_info)
  File "/root/miniconda3/lib/python3.10/site-packages/mmengine/dataset/base_dataset.py", line 60, in __call__
    data = t(data)
  File "/root/miniconda3/lib/python3.10/site-packages/mmcv/transforms/base.py", line 12, in __call__
    return self.transform(results)
  File "/root/miniconda3/lib/python3.10/site-packages/mmcv/transforms/loading.py", line 107, in transform
    raise e
  File "/root/miniconda3/lib/python3.10/site-packages/mmcv/transforms/loading.py", line 99, in transform
    img_bytes = fileio.get(
  File "/root/miniconda3/lib/python3.10/site-packages/mmengine/fileio/io.py", line 181, in get
    return backend.get(filepath)
  File "/root/miniconda3/lib/python3.10/site-packages/mmengine/fileio/backends/local_backend.py", line 33, in get
    with open(filepath, 'rb') as f:
FileNotFoundError: [Errno 2] No such file or directory: 'data/gta/images/22148.png'

